[07:17:21] ============================================================
[07:17:21] Chain listing verification started
[07:17:21] ============================================================
[07:17:21] Fetching chain-classified listings from DB...
[07:17:21] Found 1105 chain-classified listings
[07:17:21] 
[07:17:21] --- Step 2: OpenMart cross-reference ---
[07:17:21] Fetching OpenMart touchless car wash IDs (up to 7,000)...
[07:17:22]   Page 1: 1000 IDs | 1 match chain listings | score: 241.2
[07:17:23]   Page 2: 1000 IDs | 0 match chain listings | score: 209.3
[07:17:24]   Page 3: 1000 IDs | 1 match chain listings | score: 186.7
[07:17:25]   Page 4: 1000 IDs | 0 match chain listings | score: 166.0
[07:17:26]   Page 5: 1000 IDs | 0 match chain listings | score: 157.0
[07:17:27]   Page 6: 1000 IDs | 0 match chain listings | score: 151.5
[07:17:28]   Page 7: 1000 IDs | 0 match chain listings | score: 146.8
[07:17:28] OpenMart confirms 2 of 1105 chain listings as touchless
[07:17:28] 
[07:17:28] --- Step 3: DataForSEO my_business_info ---
[07:17:28] Fetching Google Business attributes for all 1105 listings...
[07:17:51]   Batch 10/111 | 100 done | google_says_wash: 9 | in_openmart: 1
[07:18:14]   Batch 20/111 | 200 done | google_says_wash: 15 | in_openmart: 1
[07:18:41]   Batch 30/111 | 300 done | google_says_wash: 22 | in_openmart: 1
[07:19:10]   Batch 40/111 | 400 done | google_says_wash: 28 | in_openmart: 1
[07:19:35]   Batch 50/111 | 500 done | google_says_wash: 36 | in_openmart: 1
[07:20:01]   Batch 60/111 | 600 done | google_says_wash: 42 | in_openmart: 2
[07:20:25]   Batch 70/111 | 700 done | google_says_wash: 49 | in_openmart: 2
[07:21:02]   Batch 80/111 | 800 done | google_says_wash: 58 | in_openmart: 2
[07:21:25]   Batch 90/111 | 900 done | google_says_wash: 66 | in_openmart: 2
[07:21:54]   Batch 100/111 | 1000 done | google_says_wash: 71 | in_openmart: 2
[07:22:26]   Batch 110/111 | 1100 done | google_says_wash: 76 | in_openmart: 2
[07:22:30]   Batch 111/111 | 1105 done | google_says_wash: 77 | in_openmart: 2
[07:22:30] 
[07:22:30] ============================================================
[07:22:30] VERIFICATION RESULTS
[07:22:30] ============================================================
[07:22:30] Total chain-classified:        1105
[07:22:30] 
[07:22:30] ✅ Confirmed by BOTH sources:   0  (0%)
[07:22:30] ✅ Google only (has_car_wash):  77  (6%)
[07:22:30] ✅ OpenMart only:               2  (0%)
[07:22:30] ❌ Confirmed by NEITHER:        1026  (92%)
[07:22:30] ⚠️  Errors:                     0
[07:22:30] 
[07:22:30] Total with at least 1 signal:  79  (7%)
[07:22:30] 
[07:22:30] --- Sample "neither" listings (potential false positives) ---
[07:22:30]   Mobil — Mooers, NY | cat:  | offerings: []
[07:22:30]   Chevron — Encino, CA | cat:  | offerings: []
[07:22:30]   Chevron — Kennesaw, GA | cat:  | offerings: []
[07:22:30]   Chevron — Scottsdale, AZ | cat:  | offerings: []
[07:22:30]   Mobil — Seymour, WI | cat:  | offerings: []
[07:22:30]   Exxon — Lewisville, NC | cat:  | offerings: []
[07:22:30]   Cenex — Sacred Heart, MN | cat:  | offerings: []
[07:22:30]   Chevron — Gilroy, CA | cat:  | offerings: []
[07:22:30]   Chevron — Decatur, GA | cat:  | offerings: []
[07:22:30]   Chevron — Buttonwillow, CA | cat:  | offerings: []
[07:22:30]   Chevron — Napa, CA | cat:  | offerings: []
[07:22:30]   Super Wash — Wauseon, OH | cat:  | offerings: []
[07:22:30]   Super Wash — Napoleon, OH | cat:  | offerings: []
[07:22:30]   Super Wash — Berne, IN | cat:  | offerings: []
[07:22:30]   Cenex — Poplar, MT | cat:  | offerings: []
[07:22:30] Full results saved to: /Users/michaelgray/Projects/TouchlessCarWash/scripts/chain-verify-results.json
[07:23:56] ============================================================
[07:23:56] Chain listing verification started
[07:23:56] ============================================================
[07:23:56] Fetching chain-classified listings from DB...
[07:23:57] Found 1105 chain-classified listings
[07:23:57] 
[07:23:57] --- Step 2: OpenMart cross-reference ---
[07:23:57] Fetching OpenMart touchless car wash IDs (up to 7,000)...
[07:23:57]   Page 1: 1000 IDs | 1 match chain listings | score: 241.2
[07:23:58]   Page 2: 1000 IDs | 0 match chain listings | score: 209.3
[07:24:00]   Page 3: 1000 IDs | 1 match chain listings | score: 186.7
[07:24:01]   Page 4: 1000 IDs | 0 match chain listings | score: 166.0
[07:24:02]   Page 5: 1000 IDs | 0 match chain listings | score: 157.0
[07:24:03]   Page 6: 1000 IDs | 0 match chain listings | score: 151.5
[07:24:03]   Page 7: 1000 IDs | 0 match chain listings | score: 146.8
[07:24:03] OpenMart confirms 2 of 1105 chain listings as touchless
[07:24:03] 
[07:24:03] --- Step 3: DataForSEO my_business_info ---
[07:24:03] Fetching Google Business attributes for all 1105 listings...
[07:28:26]   100/1105 | google_says_wash: 81 | in_openmart: 1 | errors: 0
[07:33:25]   200/1105 | google_says_wash: 155 | in_openmart: 1 | errors: 0
[07:37:32]   300/1105 | google_says_wash: 220 | in_openmart: 1 | errors: 0
[07:41:36]   400/1105 | google_says_wash: 286 | in_openmart: 1 | errors: 0
[07:45:50]   500/1105 | google_says_wash: 363 | in_openmart: 1 | errors: 0
[07:50:11]   600/1105 | google_says_wash: 425 | in_openmart: 2 | errors: 0
[07:54:41]   700/1105 | google_says_wash: 505 | in_openmart: 2 | errors: 0
[07:58:55]   800/1105 | google_says_wash: 568 | in_openmart: 2 | errors: 0
[08:04:57]   900/1105 | google_says_wash: 640 | in_openmart: 2 | errors: 0
[08:09:48]   1000/1105 | google_says_wash: 705 | in_openmart: 2 | errors: 0
[08:14:04]   1100/1105 | google_says_wash: 766 | in_openmart: 2 | errors: 0
[08:14:20]   1105/1105 | google_says_wash: 770 | in_openmart: 2 | errors: 0
[08:14:20] 
[08:14:20] ============================================================
[08:14:20] VERIFICATION RESULTS
[08:14:20] ============================================================
[08:14:20] Total chain-classified:        1105
[08:14:20] 
[08:14:20] ✅ Confirmed by BOTH sources:   1  (0%)
[08:14:20] ✅ Google only (has_car_wash):  769  (69%)
[08:14:20] ✅ OpenMart only:               1  (0%)
[08:14:20] ❌ Confirmed by NEITHER:        334  (30%)
[08:14:20] ⚠️  Errors:                     0
[08:14:20] 
[08:14:20] Total with at least 1 signal:  771  (69%)
[08:14:20] 
[08:14:20] --- Sample "neither" listings (potential false positives) ---
[08:14:20]   Chevron — Scottsdale, AZ | cat: Gas station | offerings: ['sells_gas_diesel', 'has_free_air', 'has_propane_exchange']
[08:14:20]   Chevron — Decatur, GA | cat: Gas station | offerings: ['sells_gas_diesel', 'has_propane_exchange']
[08:14:20]   Chevron — Napa, CA | cat: Gas station | offerings: ['sells_gas_diesel', 'has_propane_exchange']
[08:14:20]   Mobil — Centerville, MA | cat: Gas station | offerings: ['sells_gas_diesel', 'has_propane_exchange']
[08:14:20]   Mobil — Shokan, NY | cat: Gas station | offerings: ['sells_gas_diesel', 'has_propane_exchange']
[08:14:20]   Chevron — Tukwila, WA | cat: Gas station | offerings: ['sells_gas_diesel', 'has_propane_exchange']
[08:14:20]   Chevron Roy — Roy, WA | cat: Gas station | offerings: ['sells_gas_diesel', 'has_propane_exchange']
[08:14:20]   Exxon mobil Gas station — Savannah, GA | cat: Gas station | offerings: ['sells_gas_diesel', 'sells_gas_ethanol_free', 'has_propane_exchange']
[08:14:20]   Mobil — San Diego, CA | cat: Gas station | offerings: ['sells_gas_diesel', 'has_propane_exchange']
[08:14:20]   Chevron — Puyallup, WA | cat: Gas station | offerings: ['sells_gas_diesel', 'has_propane_exchange']
[08:14:20]   Chevron — Wallisville, TX | cat: Gas station | offerings: ['sells_gas_diesel', 'has_propane_exchange']
[08:14:20]   Exxon — Washington, DC | cat: Gas station | offerings: ['sells_gas_diesel', 'has_oil_change', 'has_propane_exchange']
[08:14:20]   Mobil — Shorewood, WI | cat: Gas station | offerings: ['sells_gas_diesel', 'has_oil_change', 'has_propane_exchange']
[08:14:20]   Chevron — Valley Glen, CA | cat: Gas station | offerings: ['sells_gas_diesel', 'has_propane_exchange']
[08:14:20]   Exxon — McGehee, AR | cat: Gas station | offerings: ['sells_gas_diesel', 'has_propane_exchange']
[08:14:20] Full results saved to: /Users/michaelgray/Projects/TouchlessCarWash/scripts/chain-verify-results.json
