[20:36:40] ============================================================
[20:36:40] BellStores car wash import (unclassified — review mining will classify)
[20:36:40] ============================================================
[20:36:40] Loading existing slugs...
[20:36:46] Loaded 52899 existing slugs
[20:36:46] Loading existing addresses and place IDs...
[21:32:39] ============================================================
[21:32:39] ============================================================
[21:32:39] BellStores car wash import (unclassified — review mining will classify)
[21:32:39] BellStores car wash import (unclassified — review mining will classify)
[21:32:39] ============================================================
[21:32:39] ============================================================
[21:32:39] Loading existing slugs...
[21:32:39] Loading existing slugs...
[21:32:46] Loaded 52908 existing slugs
[21:32:46] Loaded 52908 existing slugs
[21:32:46] Loading existing addresses and place IDs...
[21:32:46] Loading existing addresses and place IDs...
Traceback (most recent call last):
  File "/Users/michaelgray/Projects/TouchlessCarWash/scripts/import-bellstores.py", line 82, in http_json
    with urllib.request.urlopen(req, context=ssl_ctx, timeout=30) as r:
         ^^^^^^^^^^^^^^^^^^^^^^^^^^^^^^^^^^^^^^^^^^^^^^^^^^^^^^^^
  File "/Library/Frameworks/Python.framework/Versions/3.12/lib/python3.12/urllib/request.py", line 215, in urlopen
    return opener.open(url, data, timeout)
           ^^^^^^^^^^^^^^^^^^^^^^^^^^^^^^^
  File "/Library/Frameworks/Python.framework/Versions/3.12/lib/python3.12/urllib/request.py", line 521, in open
    response = meth(req, response)
               ^^^^^^^^^^^^^^^^^^^
  File "/Library/Frameworks/Python.framework/Versions/3.12/lib/python3.12/urllib/request.py", line 630, in http_response
    response = self.parent.error(
               ^^^^^^^^^^^^^^^^^^
  File "/Library/Frameworks/Python.framework/Versions/3.12/lib/python3.12/urllib/request.py", line 559, in error
    return self._call_chain(*args)
           ^^^^^^^^^^^^^^^^^^^^^^^
  File "/Library/Frameworks/Python.framework/Versions/3.12/lib/python3.12/urllib/request.py", line 492, in _call_chain
    result = func(*args)
             ^^^^^^^^^^^
  File "/Library/Frameworks/Python.framework/Versions/3.12/lib/python3.12/urllib/request.py", line 639, in http_error_default
    raise HTTPError(req.full_url, code, msg, hdrs, fp)
urllib.error.HTTPError: HTTP Error 400: Bad Request

During handling of the above exception, another exception occurred:

Traceback (most recent call last):
  File "/Users/michaelgray/Projects/TouchlessCarWash/scripts/import-bellstores.py", line 408, in <module>
    main()
  File "/Users/michaelgray/Projects/TouchlessCarWash/scripts/import-bellstores.py", line 279, in main
    rows = sb_req('GET', f'/rest/v1/listings?select=id,address,city,state,place_id&limit=1000&offset={offset}')
           ^^^^^^^^^^^^^^^^^^^^^^^^^^^^^^^^^^^^^^^^^^^^^^^^^^^^^^^^^^^^^^^^^^^^^^^^^^^^^^^^^^^^^^^^^^^^^^^^^^^^
  File "/Users/michaelgray/Projects/TouchlessCarWash/scripts/import-bellstores.py", line 102, in sb_req
    return http_json(method, f'{SUPABASE_URL}{path}', headers=headers, body=body)
           ^^^^^^^^^^^^^^^^^^^^^^^^^^^^^^^^^^^^^^^^^^^^^^^^^^^^^^^^^^^^^^^^^^^^^^
  File "/Users/michaelgray/Projects/TouchlessCarWash/scripts/import-bellstores.py", line 85, in http_json
    raise Exception(f'HTTP {e.code}: {e.read().decode()[:200]}')
Exception: HTTP 400: {"code":"42703","details":null,"hint":null,"message":"column listings.place_id does not exist"}
[21:33:22] ============================================================
[21:33:22] ============================================================
[21:33:22] BellStores car wash import (unclassified — review mining will classify)
[21:33:22] BellStores car wash import (unclassified — review mining will classify)
[21:33:22] ============================================================
[21:33:22] ============================================================
[21:33:22] Loading existing slugs...
[21:33:22] Loading existing slugs...
[21:33:28] Loaded 52908 existing slugs
[21:33:28] Loaded 52908 existing slugs
[21:33:28] Loading existing addresses and place IDs...
[21:33:28] Loading existing addresses and place IDs...
[21:33:41] Loaded 34363 address records, 34931 place IDs
[21:33:41] Loaded 34363 address records, 34931 place IDs
[21:33:42]   ERROR 1261 W. Maple St, Hartville: DFS 40102: No Search Results.
[21:33:42]   ERROR 1261 W. Maple St, Hartville: DFS 40102: No Search Results.
[21:33:46]   ✓ BellStores — Canton, OH [14df6859-f045-4d72-9627-0b4581d5051e]
[21:33:46]   ✓ BellStores — Canton, OH [14df6859-f045-4d72-9627-0b4581d5051e]
[21:33:51]   ✓ BellStores — Wooster, OH [f793703c-980c-454d-8284-a3c9ce79486f]
[21:33:51]   ✓ BellStores — Wooster, OH [f793703c-980c-454d-8284-a3c9ce79486f]
[21:33:55]   ERROR 208 S. Mill St, Dalton: DFS 40102: No Search Results.
[21:33:55]   ERROR 208 S. Mill St, Dalton: DFS 40102: No Search Results.
[21:34:04]   ✓ BellStores — Massillon, OH [8d260b34-4c0e-403f-be99-62f9fb9e61b4]
[21:34:04]   ✓ BellStores — Massillon, OH [8d260b34-4c0e-403f-be99-62f9fb9e61b4]
[21:34:12]   ✓ BellStores — Massillon, OH [c87e9a8a-9536-46d3-a8e8-86494fce930c]
[21:34:12]   ✓ BellStores — Massillon, OH [c87e9a8a-9536-46d3-a8e8-86494fce930c]
[21:34:16]   ✓ BellStores — Brewster, OH [572738b4-8b97-4ae3-8667-68d4302d4894]
[21:34:16]   ✓ BellStores — Brewster, OH [572738b4-8b97-4ae3-8667-68d4302d4894]
[21:34:23]   ✓ BellStores — Massillon, OH [0b4d7a72-c878-4337-8342-cd1d53403810]
[21:34:23]   ✓ BellStores — Massillon, OH [0b4d7a72-c878-4337-8342-cd1d53403810]
[21:34:28]   ✓ BellStores — Massillon, OH [9fc873a9-40b3-47e4-9590-7bda232e5280]
[21:34:28]   ✓ BellStores — Massillon, OH [9fc873a9-40b3-47e4-9590-7bda232e5280]
[21:34:36]   ✓ BellStores — Orrville, OH [0d2133b3-3177-4d78-9bfa-51b62fb67a20]
[21:34:36]   ✓ BellStores — Orrville, OH [0d2133b3-3177-4d78-9bfa-51b62fb67a20]
[21:34:41]   ✓ BellStores — Alliance, OH [84dee839-9614-4dfc-9d0a-00ef38c205ed]
[21:34:41]   ✓ BellStores — Alliance, OH [84dee839-9614-4dfc-9d0a-00ef38c205ed]
[21:34:46]   ✓ BellStores — Mt Eaton, OH [e9dd0ee7-1a31-486e-a91a-24ffd276eca0]
[21:34:46]   ✓ BellStores — Mt Eaton, OH [e9dd0ee7-1a31-486e-a91a-24ffd276eca0]
[21:34:53]   ✓ BellStores — Ashland, OH [ee2e2d2d-521e-4582-952a-73695b5a21c6]
[21:34:53]   ✓ BellStores — Ashland, OH [ee2e2d2d-521e-4582-952a-73695b5a21c6]
[21:35:02]   ✓ Bellstores — Strasburg, OH [fc4fbcff-43f2-4973-85b8-64c28ade2835]
[21:35:02]   ✓ Bellstores — Strasburg, OH [fc4fbcff-43f2-4973-85b8-64c28ade2835]
[21:35:12]   ✓ BellStores — East Canton, OH [cbb19d87-8e87-4be0-9c28-d3d7eb25dea2]
[21:35:12]   ✓ BellStores — East Canton, OH [cbb19d87-8e87-4be0-9c28-d3d7eb25dea2]
[21:35:18]   ✓ BellStores — Wooster, OH [936658a7-b249-487c-883e-7523a9eb035e]
[21:35:18]   ✓ BellStores — Wooster, OH [936658a7-b249-487c-883e-7523a9eb035e]
[21:35:24]   ✓ BellStores — Wooster, OH [b909f256-b236-4975-be7e-13dbf09dfa98]
[21:35:24]   ✓ BellStores — Wooster, OH [b909f256-b236-4975-be7e-13dbf09dfa98]
[21:35:39]   ✓ BellStores — Fredericktown, OH [3f9c9087-7bb3-48ad-8f22-67f00c14b85b]
[21:35:39]   ✓ BellStores — Fredericktown, OH [3f9c9087-7bb3-48ad-8f22-67f00c14b85b]
[21:35:47]   ✓ BellStores — Columbus, OH [8c7082cf-1b34-4995-b1bd-26fe424e0755]
[21:35:47]   ✓ BellStores — Columbus, OH [8c7082cf-1b34-4995-b1bd-26fe424e0755]
[21:35:53]   ✓ BellStores — Columbus, OH [f828f316-d75f-4ea4-9bf0-638cbf1b52b8]
[21:35:53]   ✓ BellStores — Columbus, OH [f828f316-d75f-4ea4-9bf0-638cbf1b52b8]
[21:35:56]   ✓ BellStores — Ashland, OH [16592f66-5434-40f0-87e0-5f41d8b7c89f]
[21:35:56]   ✓ BellStores — Ashland, OH [16592f66-5434-40f0-87e0-5f41d8b7c89f]
[21:35:59]   ✓ BellStores — Dover, OH [4245e04b-6a59-4d6b-9ea4-9b22e4e1afcb]
[21:35:59]   ✓ BellStores — Dover, OH [4245e04b-6a59-4d6b-9ea4-9b22e4e1afcb]
[21:36:14]   ✓ BellStores — Millersburg, OH [1592f7bc-4b84-4b50-89ca-2eb7827ab29f]
[21:36:14]   ✓ BellStores — Millersburg, OH [1592f7bc-4b84-4b50-89ca-2eb7827ab29f]
[21:36:22]   ✓ BellStores — Bolivar, OH [ddf9b6fa-da12-4b59-a06b-cc2f0cc4ddf4]
[21:36:22]   ✓ BellStores — Bolivar, OH [ddf9b6fa-da12-4b59-a06b-cc2f0cc4ddf4]
[21:36:41]   ✓ BellStores — Findlay, OH [57a78dfc-5316-4101-a606-3d44dcd5b1ce]
[21:36:41]   ✓ BellStores — Findlay, OH [57a78dfc-5316-4101-a606-3d44dcd5b1ce]
[21:36:49]   ✓ BellStores — Malvern, OH [7c2d8837-f2bd-466b-9884-e34b7ee522b4]
[21:36:49]   ✓ BellStores — Malvern, OH [7c2d8837-f2bd-466b-9884-e34b7ee522b4]
[21:36:54]   ✓ BellStores — Massillon, OH [2abf0ab7-1205-4c95-bb1f-1cffde43f171]
[21:36:54]   ✓ BellStores — Massillon, OH [2abf0ab7-1205-4c95-bb1f-1cffde43f171]
[21:36:58]   ✓ BellStores — Martins Ferry, OH [6699bccd-1162-4891-b3b5-5ff2edaa9b25]
[21:36:58]   ✓ BellStores — Martins Ferry, OH [6699bccd-1162-4891-b3b5-5ff2edaa9b25]
[21:37:03]   ✓ BellStores — Uhrichsville, OH [c10b7962-57ce-43da-9054-17725c5d764f]
[21:37:03]   ✓ BellStores — Uhrichsville, OH [c10b7962-57ce-43da-9054-17725c5d764f]
[21:37:08]   ✓ BellStores — St Clairsville, OH [84b2c23e-e208-4dc9-81af-bc44d57bbfb1]
[21:37:08]   ✓ BellStores — St Clairsville, OH [84b2c23e-e208-4dc9-81af-bc44d57bbfb1]
[21:37:11]   ✓ BellStores — Canton, OH [343824d5-1a48-40c7-80d2-185a4a49fb09]
[21:37:11]   ✓ BellStores — Canton, OH [343824d5-1a48-40c7-80d2-185a4a49fb09]
[21:37:16]   ✓ Bellstores — Wooster, OH [59cdec21-5227-4929-af3c-f562e74d4971]
[21:37:16]   ✓ Bellstores — Wooster, OH [59cdec21-5227-4929-af3c-f562e74d4971]
[21:37:32]   INSERT ERROR 5 W Buckeye St: HTTP 409: {"code":"23505","details":"Key (google_place_id)=(ChIJm6_ouXVTN4gRyQvUNy-ltZQ) already exists.","hint":null,"message":"duplicate key value violates unique constraint \"listings_google_place_id_unique\
[21:37:32]   INSERT ERROR 5 W Buckeye St: HTTP 409: {"code":"23505","details":"Key (google_place_id)=(ChIJm6_ouXVTN4gRyQvUNy-ltZQ) already exists.","hint":null,"message":"duplicate key value violates unique constraint \"listings_google_place_id_unique\
[21:37:36]   ERROR 4105 Cleveland Ave SW, Canton: DFS 40102: No Search Results.
[21:37:36]   ERROR 4105 Cleveland Ave SW, Canton: DFS 40102: No Search Results.
[21:37:45]   ✓ BellStores — Canal Fulton, OH [210510f0-c425-4fc8-8b7c-69becd18f232]
[21:37:45]   ✓ BellStores — Canal Fulton, OH [210510f0-c425-4fc8-8b7c-69becd18f232]
[21:37:49]   ✓ BellStores — New Philadelphia, OH [bb87d4b4-0b9c-4f63-8002-db8d4c697ced]
[21:37:49]   ✓ BellStores — New Philadelphia, OH [bb87d4b4-0b9c-4f63-8002-db8d4c697ced]
[21:37:49] 
[21:37:49] 
[21:37:49] Done. Inserted: 32 | Skipped: 0 | Errors: 4
[21:37:49] Done. Inserted: 32 | Skipped: 0 | Errors: 4
[21:37:49] Total in DB from BellStores: 32
[21:37:49] Total in DB from BellStores: 32
[21:37:49] 
[21:37:49] 
[21:37:49] Phase 2: Review mining for inserted listings...
[21:37:49] Phase 2: Review mining for inserted listings...
[21:37:49] Running scan_batch to collect reviews (no revert — unclassified)...
[21:37:49] Running scan_batch to collect reviews (no revert — unclassified)...
[21:38:19]   scan_batch error: The read operation timed out
[21:38:19]   scan_batch error: The read operation timed out
[21:38:54]   scan_batch error: The read operation timed out
[21:38:54]   scan_batch error: The read operation timed out
[21:39:00]   Batch 3: scanned=0 touchless_found=0 complete=True
[21:39:00]   Batch 3: scanned=0 touchless_found=0 complete=True
[21:39:00] Review mining complete.
[21:39:00] Review mining complete.
