[18:56:25] ============================================================
[18:56:25] Chain location import: Holiday Stationstores + Power Market
[18:56:25] ============================================================
[18:56:25] Loading existing slugs...
[18:56:31] Loaded 52443 existing slugs
[18:56:31] Loading existing addresses...
[18:56:47] Loaded 29433 existing address records
[18:56:47] 
--- Holiday Stationstores: 188 confirmed touchless locations ---
[18:56:48]   ERROR 702 6th Avenue SE, Aberdeen, SD: DFS 40501: Invalid Field: 'location_name'.
[18:56:49]   ERROR 1 Minnesota Avenue S, Aitkin, MN: DFS 40501: Invalid Field: 'location_name'.
[18:56:51]   ERROR 650 50th Avenue West, Alexandria, MN: DFS 40501: Invalid Field: 'location_name'.
[18:56:52]   ERROR 785 N. Nokomis NE, Alexandria, MN: DFS 40501: Invalid Field: 'location_name'.
[18:56:54]   ERROR 285 Muldoon Road, Anchorage, AK: DFS 40501: Invalid Field: 'location_name'.
[18:56:55]   ERROR 3500 C Street, Anchorage, AK: DFS 40501: Invalid Field: 'location_name'.
[18:56:57]   ERROR 5980 149th Street, Apple Valley, MN: DFS 40501: Invalid Field: 'location_name'.
[18:56:58]   ERROR 15550 Cedar Avenue, Apple Valley, MN: DFS 40501: Invalid Field: 'location_name'.
[18:56:59]   ERROR 14113 Galaxie Avenue, Apple Valley, MN: DFS 40501: Invalid Field: 'location_name'.
[18:57:01]   ERROR 1920 Highway 96, Arden Hills, MN: DFS 40501: Invalid Field: 'location_name'.
[18:57:03]   ERROR 110 Ellis Avenue, Ashland, WI: DFS 40501: Invalid Field: 'location_name'.
[18:57:04]   ERROR 7472 Excelsior Road, Baxter, MN: DFS 40501: Invalid Field: 'location_name'.
[18:57:06]   ERROR 402 Belgrade Blvd., Belgrade, MT: DFS 40501: Invalid Field: 'location_name'.
[18:57:07]   ERROR 281 Jefferson Blvd., Big Lake, MN: DFS 40501: Invalid Field: 'location_name'.
[18:57:32] ============================================================
[18:57:32] Chain location import: Holiday Stationstores + Power Market
[18:57:32] ============================================================
[18:57:32] Loading existing slugs...
[18:57:38] Loaded 52443 existing slugs
[18:57:38] Loading existing addresses...
[18:57:46] Loaded 28971 existing address records
[18:57:46] 
--- Holiday Stationstores: 188 confirmed touchless locations ---
[18:57:46]   ERROR 702 6th Avenue SE, Aberdeen, SD: DFS 40501: Invalid Field: 'location_name'.
[18:57:48]   ERROR 1 Minnesota Avenue S, Aitkin, MN: DFS 40501: Invalid Field: 'location_name'.
[18:57:49]   ERROR 650 50th Avenue West, Alexandria, MN: DFS 40501: Invalid Field: 'location_name'.
[18:57:51]   ERROR 785 N. Nokomis NE, Alexandria, MN: DFS 40501: Invalid Field: 'location_name'.
[18:57:52]   ERROR 285 Muldoon Road, Anchorage, AK: DFS 40501: Invalid Field: 'location_name'.
[18:57:54]   ERROR 3500 C Street, Anchorage, AK: DFS 40501: Invalid Field: 'location_name'.
[18:57:55]   ERROR 5980 149th Street, Apple Valley, MN: DFS 40501: Invalid Field: 'location_name'.
[18:57:57]   ERROR 15550 Cedar Avenue, Apple Valley, MN: DFS 40501: Invalid Field: 'location_name'.
[18:57:58]   ERROR 14113 Galaxie Avenue, Apple Valley, MN: DFS 40501: Invalid Field: 'location_name'.
[18:57:59]   ERROR 1920 Highway 96, Arden Hills, MN: DFS 40501: Invalid Field: 'location_name'.
[18:58:01]   ERROR 110 Ellis Avenue, Ashland, WI: DFS 40501: Invalid Field: 'location_name'.
[18:58:02]   ERROR 7472 Excelsior Road, Baxter, MN: DFS 40501: Invalid Field: 'location_name'.
[18:58:04]   ERROR 402 Belgrade Blvd., Belgrade, MT: DFS 40501: Invalid Field: 'location_name'.
[18:58:05]   ERROR 281 Jefferson Blvd., Big Lake, MN: DFS 40501: Invalid Field: 'location_name'.
[18:58:07]   ERROR 4041 Grand Ave., Billings, MT: DFS 40501: Invalid Field: 'location_name'.
[18:58:08]   ERROR 790 S Billings Blvd, Billings, MT: DFS 40501: Invalid Field: 'location_name'.
[18:58:10]   ERROR 785 S 20th St W, Billings, MT: DFS 40501: Invalid Field: 'location_name'.
[18:58:11]   ERROR 3551 Ember Lane, Billings, MT: DFS 40501: Invalid Field: 'location_name'.
[18:58:13]   ERROR 1212 Mullowney Lane, Billings, MT: DFS 40501: Invalid Field: 'location_name'.
[18:58:14]   ERROR 3600 State Street, Bismarck, ND: DFS 40501: Invalid Field: 'location_name'.
[18:58:15]   ERROR 3815 Trenton Drive, Bismarck, ND: DFS 40501: Invalid Field: 'location_name'.
[18:58:17]   ERROR 9933 Ulysses Street NE, Blaine, MN: DFS 40501: Invalid Field: 'location_name'.
[18:58:18]   ERROR 50 West 98th Street, Bloomington, MN: DFS 40501: Invalid Field: 'location_name'.
[18:58:20]   ERROR 5401 W. Old Shakopee Rd, Bloomington, MN: DFS 40501: Invalid Field: 'location_name'.
[18:58:21]   ERROR 1951 Durston Road, Bozeman, MT: DFS 40501: Invalid Field: 'location_name'.
[18:58:35] ============================================================
[18:58:35] Chain location import: Holiday Stationstores + Power Market
[18:58:35] ============================================================
[18:58:35] Loading existing slugs...
[18:58:41] Loaded 52443 existing slugs
[18:58:41] Loading existing addresses...
[18:58:49] Loaded 28817 existing address records
[18:58:49] 
--- Holiday Stationstores: 188 confirmed touchless locations ---
[18:58:53]   ERROR 702 6th Avenue SE, Aberdeen, SD: DFS 40102: No Search Results.
[18:58:55]   ERROR 1 Minnesota Avenue S, Aitkin, MN: DFS 40102: No Search Results.
[18:59:00]   ✓ Holiday Stationstores — Alexandria, MN
[18:59:07]   ✓ Holiday Stationstores — Alexandria, MN
[18:59:15]   ✓ Circle K — Anchorage, AK
[18:59:20]   ✓ Circle K — Anchorage, AK
[18:59:25]   ✓ Holiday Stationstores — Apple Valley, MN
[18:59:29]   ✓ Holiday Stationstores — Apple Valley, MN
[18:59:34]   ✓ Holiday Stationstores — Apple Valley, MN
[18:59:37]   ERROR 1920 Highway 96, Arden Hills, MN: DFS 40102: No Search Results.
[18:59:45]   ✓ Circle K Gas Station — Ashland, WI
[18:59:55]   ✓ Holiday Stationstores — Baxter, MN
[18:59:58]   ✓ Holiday Stationstore — Belgrade, MT
[19:00:04]   ✓ Holiday Stationstores — Big Lake, MN
[19:00:12]   ✓ Circle K — Billings, MT
[19:00:19]   ✓ Circle K — Billings, MT
[19:00:26]   ✓ Circle K — Billings, MT
[19:00:33]   ✓ Circle K Gas Station — Billings, MT
[19:00:37]   UPDATED: Circle K — Billings, MT
[19:00:39]   ERROR 3600 State Street, Bismarck, ND: DFS 40102: No Search Results.
[19:00:44]   ✓ Circle K — Bismarck, ND
[19:00:54]   ✓ Holiday Stationstores — Blaine, MN
[19:00:59]   ERROR 50 West 98th Street, Bloomington, MN: DFS 40102: No Search Results.
[19:01:04]   ✓ Holiday Stationstores — Bloomington, MN
[19:01:13]   UPDATED: Circle K — Bozeman, MT
[19:01:16]   ERROR 920 N Splitrock Blvd, Brandon, SD: DFS 40102: No Search Results.
[19:01:22]   ✓ Holiday Stationstores — Brooklyn Center, MN
[19:01:27]   ✓ Holiday Stationstores — Brooklyn Park, MN
[19:01:35]   ✓ Holiday Stationstores — Brooklyn Park, MN
[19:01:47]   ✓ Holiday Stationstores — Buffalo, MN
[19:01:51]   ERROR 900 West Burnsville Parkway, Burnsville, MN: DFS 40102: No Search Results.
[19:01:54]   ERROR 12290 Nicollet Ave South, Burnsville, MN: DFS 40102: No Search Results.
[19:01:57]   ERROR 6210 109th Ave No., Champlin, MN: DFS 40102: No Search Results.
[19:02:09]   ERROR 501 N. Bridge Street, Chippewa Falls, WI: DFS 40102: No Search Results.
[19:02:15]   ✓ Holiday Stationstores — Clara City, MN
[19:02:25]   ERROR 409 Paul Ave S, Cologne, MN: DFS 40102: No Search Results.
[19:02:32]   ✓ Holiday Stationstores — Columbia Heights, MN
[19:02:39]   ✓ Holiday Stationstores — Coon Rapids, MN
[19:02:42]   ERROR 13051 Round Lake Blvd. NW, Coon Rapids, MN: DFS 40102: No Search Results.
[19:02:54]   ✓ Holiday Stationstores — Cottage Grove, MN
[19:02:58]   ERROR 8610 E. Point Douglas Road, Cottage Grove, MN: DFS 40102: No Search Results.
[19:03:02]   ERROR 7033 Jorgensen Lane S, Cottage Grove, MN: DFS 40102: No Search Results.
[19:03:11]   ✓ Holiday Stationstores — Crystal, MN
[19:03:12]   ERROR 23736 Front Street, Deerwood, MN: DFS 40102: No Search Results.
[19:03:18]   ✓ Holiday Stationstores — Detroit Lakes, MN
[19:03:25]   ✓ Circle K — Duluth, MN
[19:03:32]   ✓ Holiday Stationstores — Duluth, MN
[19:03:42]   ERROR 1520 Kenwood Avenue, Duluth, MN: DFS 40102: No Search Results.
[19:03:52]   UPDATED: Circle K — Duluth, MN
[19:03:55]   ERROR 5699 Miller Trunk Highway, Duluth, MN: DFS 40102: No Search Results.
[19:04:07]   ✓ Holiday Stationstores — Eagan, MN
[19:04:19]   ✓ Holiday Stationstores — Eagan, MN
[19:04:30]   ✓ Holiday Stationstores — Eagan, MN
[19:04:34]   ✓ Holiday Stationstores — Eagan, MN
[19:04:38]   ✓ Holiday Stationstores — Eagan, MN
[19:04:44]   ✓ Holiday Stationstores — East Grand Forks, MN
[19:04:49]   ✓ Holiday Stationstores | Car Wash — Eau Claire, WI
[19:04:57]   ✓ Holiday Stationstores | Car Wash — Eau Claire, WI
[19:05:01]   ✓ Circle K — Eau Claire, WI
[19:05:10]   ✓ Circle K Gas Station — Eau Claire, WI
[19:05:15]   ERROR 2940 N. Clairemont Avenue, Eau Claire, WI: DFS 40102: No Search Results.
[19:05:23]   ✓ Holiday Stationstores — Elk River, MN
[19:05:33]   ✓ Holiday Stationstores — Elk River, MN
[19:05:42]   ✓ Holiday — Ellsworth, WI
[19:05:54]   ✓ Circle K — Escanaba, MI
[19:06:01]   ✓ Circle K — Fargo, ND
[19:06:09]   ✓ Circle K — Fargo, ND
[19:06:15]   ✓ Circle K — Fargo, ND
[19:06:22]   ✓ Circle K — Fargo, ND
[19:06:25]   ✓ Circle K — Fargo, ND
[19:06:29]   ✓ Holiday Stationstores — Fridley, MN
[19:06:35]   ✓ Circle K — Grand Forks, ND
[19:06:47]   ERROR 4005 South Washington Street, Grand Forks, ND: DFS 40102: No Search Results.
[19:06:51]   ERROR 202 East 4th Street, Grand Rapids, MN: DFS 40102: No Search Results.
[19:06:58]   ✓ Circle K — Great Falls, MT
[19:06:58]   Progress: 75/188 | inserted=52 skipped=0 errors=20
[19:07:03]   ✓ Holiday Stationstores — Ham Lake, MN
[19:07:06]   ✓ Holiday Stationstores — Hastings, MN
[19:07:11]   ✓ Circle K — Hayden, ID
[19:07:17]   ERROR 2517 13th Ave E, Hibbing, MN: DFS 40102: No Search Results.
[19:07:21]   ERROR 210 S. Second Street, Hudson, WI: DFS 40102: No Search Results.
[19:07:29]   ✓ Holiday Stationstores — Inver Grove Heights, MN
[19:07:32]   ✓ Holiday Stationstores — Inver Grove Heights, MN
[19:07:37]   ✓ Holiday Stationstores — Jordan, MN
[19:07:42]   ✓ Holiday Stationstores — Lake Elmo, MN
[19:07:46]   ✓ Holiday Stationstores — Rosemount, MN
[19:07:53]   ✓ Circle K — Ledgeview, WI
[19:07:54]   ERROR 504 Bryden Ave, Lewiston, ID: DFS 40102: No Search Results.
[19:08:04]   ERROR 12970 Lake Blvd., Lindstrom, MN: DFS 40102: No Search Results.
[19:08:10]   ✓ Holiday Stationstores — Little Falls, MN
[19:08:23]   ✓ Holiday Stationstores — Mahtomedi, MN
[19:08:28]   ERROR 1901 Adams Street, Mankato, MN: DFS 40102: No Search Results.
[19:08:32]   ERROR 11201 93rd Avenue North, Maple Grove, MN: DFS 40102: No Search Results.
[19:08:36]   ✓ Holiday Stationstores — Maplewood, MN
[19:08:41]   ✓ Holiday Stationstores — Maplewood, MN
[19:08:42]   ERROR 200 W. Hwy 210, McGregor, MN: DFS 40102: No Search Results.
[19:08:46]   ✓ Holiday Stationstores — Medina, MN
[19:08:49]   ERROR 12 Aspen Avenue SE, Menahga, MN: DFS 40102: No Search Results.
[19:08:55]   ✓ Circle K — Merrill, WI
[19:09:01]   ✓ Holiday Stationstores — Minneapolis, MN
[19:09:04]   ERROR 1301 Industrial Blvd NE, Minneapolis, MN: DFS 40102: No Search Results.
[19:09:09]   ✓ Holiday Stationstores — Minneapolis, MN
[19:09:13]   ✓ Holiday Stationstores — Minneapolis, MN
[19:09:16]   ✓ Holiday Stationstores — Minneapolis, MN
[19:09:24]   ✓ Holiday Stationstores — Minneapolis, MN
[19:09:27]   ✓ Circle K — Minot, ND
[19:09:28]   ERROR 2325 So. Reserve St., Missoula, MT: DFS 40102: No Search Results.
[19:09:33]   ERROR 110 Oakwood Drive, Monticello, MN: DFS 40102: No Search Results.
[19:09:38]   ✓ Circle K — Moorhead, MN
[19:09:44]   ✓ Circle K — Moorhead, MN
[19:09:46]   ERROR 700 S. Highway 65, Mora, MN: DFS 40102: No Search Results.
[19:09:50]   ERROR 16 Highway 10 South, Motley, MN: DFS 40102: No Search Results.
[19:09:55]   ✓ Circle K — Munising, MI
[19:10:00]   ✓ Holiday Stationstores — Excelsior, MN
[19:10:16]   ✓ Holiday Stationstores — New Hope, MN
[19:10:19]   ✓ Circle K Gas Station — New Prague, MN
[19:10:29]   ✓ Holiday Stationstores — New Ulm, MN
[19:10:32]   ERROR 5554 St. Croix Trail, North Branch, MN: DFS 40102: No Search Results.
[19:10:38]   ERROR 2255 East South Avenue, North St. Paul, MN: DFS 40102: No Search Results.
[19:10:43]   ✓ Holiday Stationstores — Norwood Young America, MN
[19:10:46]   ERROR 3344 Hadley Avenue N., Oakdale, MN: DFS 40102: No Search Results.
[19:10:50]   ✓ Circle K — Owatonna, MN
[19:10:58]   ✓ Holiday Stationstores — Plymouth, MN
[19:11:02]   ✓ Holiday Stationstores — Plymouth, MN
[19:11:07]   ✓ Holiday Stationstores — Plymouth, MN
[19:11:07]   Progress: 125/188 | inserted=85 skipped=1 errors=36
[19:11:11]   ✓ Holiday Stationstores — Plymouth, MN
[19:11:14]   ERROR 236 Broad Street N, Prescott, WI: DFS 40102: No Search Results.
[19:11:18]   ✓ Holiday Stationstores — Prior Lake, MN
[19:11:25]   ✓ Holiday Stationstores — Ramsey, MN
[19:11:29]   ✓ Holiday Stationstores — Ramsey, MN
[19:11:33]   ✓ Circle K — Rapid City, SD
[19:11:39]   ✓ Circle K — Rapid City, SD
[19:11:47]   ✓ Circle K — Rapid City, SD
[19:11:52]   ✓ Circle K — Rapid City, SD
[19:11:55]   ERROR 2460 W. Chicago St., Rapid City, SD: DFS 40102: No Search Results.
[19:12:01]   ERROR 900 N Division Street, Roberts, WI: DFS 40102: No Search Results.
[19:12:07]   ✓ Circle K — Rochester, MN
[19:12:15]   ✓ Holiday — Rochester, MN
[19:12:22]   ✓ Circle K — Rochester, MN
[19:12:26]   ERROR 1851 Assisi Dr. NW, Rochester, MN: DFS 40102: No Search Results.
[19:12:32]   ✓ Holiday Stationstores — Rogers, MN
[19:12:43]   ✓ Holiday Stationstores — Roseville, MN
[19:12:50]   ✓ Holiday Stationstores — Rush City, MN
[19:12:52]   ERROR 304 College Avenue North, Saint Joseph, MN: DFS 40102: No Search Results.
[19:12:58]   ✓ Holiday Stationstores — Sartell, MN
[19:13:02]   ✓ Holiday Stationstores — Sartell, MN
[19:13:06]   ✓ Holiday Stationstores — Sauk Centre, MN
[19:13:12]   ✓ Holiday Stationstores — Sauk Rapids, MN
[19:13:14]   ERROR 1715 2nd Avenue North, Sauk Rapids, MN: DFS 40102: No Search Results.
[19:13:20]   ✓ Holiday Stationstores — Sauk Rapids, MN
[19:13:20]   Progress: 150/188 | inserted=104 skipped=1 errors=42
[19:13:23]   ✓ Holiday Stationstores — Savage, MN
[19:13:26]   ✓ Holiday Stationstores — Shakopee, MN
[19:13:29]   ✓ Holiday Stationstores — Shakopee, MN
[19:13:34]   ✓ Holiday Stationstores — Shakopee, MN
[19:13:38]   ERROR 6509 S. Louise Avenue, Sioux Falls, SD: DFS 40102: No Search Results.
[19:13:42]   ✓ Circle K — Sioux Falls, SD
[19:13:44]   ERROR 1927 West 57th Street, Sioux Falls, SD: DFS 40102: No Search Results.
[19:13:56]   ERROR 7125 West 26th Street, Sioux Falls, SD: DFS 40102: No Search Results.
[19:14:01]   ✓ Holiday — Sioux Falls, SD
[19:14:07]   ERROR 7414 South Minnesota Avenue, Sioux Falls, SD: DFS 40102: No Search Results.
[19:14:11]   ERROR 5212 W. 12th Street, Sioux Falls, SD: DFS 40102: No Search Results.
[19:14:21]   ✓ Holiday Stationstores — Spring Lake Park, MN
[19:14:26]   ✓ Holiday Stationstores — St Anthony, MN
[19:14:31]   ERROR 8720 State Hwy. No. 7, St. Bonifacius, MN: DFS 40102: No Search Results.
[19:14:39]   ✓ Holiday Stationstores — St Cloud, MN
[19:14:42]   ✓ Holiday Stationstores — St Cloud, MN
[19:14:47]   ✓ Holiday Stationstores — St Michael, MN
[19:14:51]   ✓ Holiday Stationstores — St Paul, MN
[19:14:59]   ✓ Holiday Stationstores — St Paul, MN
[19:15:04]   ✓ Holiday Stationstores — St Paul, MN
[19:15:07]   ✓ Holiday — Stanley, ND
[19:15:13]   ✓ Holiday Stationstores — Staples, MN
[19:15:18]   ✓ Holiday Stationstores — Stillwater, MN
[19:15:22]   ✓ Circle K — Traverse City, MI
[19:15:26]   ✓ Holiday Stationstores — Victoria, MN
[19:15:26]   Progress: 175/188 | inserted=123 skipped=1 errors=48
[19:15:30]   ✓ Circle K — Virginia, MN
[19:15:34]   ✓ Holiday Gas Station — Waconia, MN
[19:15:42]   ✓ Holiday Stationstores — Waite Park, MN
[19:15:57]   ✓ Circle K — Watford City, ND
[19:16:04]   ✓ HOLIDAY — Wausau, WI
[19:16:07]   UPDATED: Circle K — West Fargo, ND
[19:16:14]   ✓ Holiday Stationstores — West St Paul, MN
[19:16:23]   ERROR 1800 E County Rd F, White Bear Lake, MN: DFS 40102: No Search Results.
[19:16:28]   ✓ Holiday Stationstores — White Bear Lake, MN
[19:16:31]   UPDATED: Holiday Stationstores — White Bear Lake, MN
[19:16:39]   ✓ Circle K — Williston, ND
[19:16:47]   ✓ Holiday gas station — Williston, ND
[19:16:57]   ✓ Holiday Stationstores — Worthington, MN
[19:16:58] Holiday Stationstores complete: 133 inserted | 1 skipped | 49 errors
[19:16:58] 
--- Power Market: 216 confirmed touchless locations ---
[19:17:05]   ERROR 700 N Brookhurst St, Anaheim, CA: DFS 40102: No Search Results.
[19:17:08]   ERROR 1101 N Magnolia Ave, Anaheim, CA: DFS 40102: No Search Results.
[19:17:14]   UPDATED: Food Mart — Anaheim, CA
[19:17:17]   ✓ Power Market — Anderson, CA
[19:17:27]   ✓ Power Market — Anderson, CA
[19:17:32]   ✓ Power Market — Angels Camp, CA
[19:17:37]   ✓ Power Market — Antelope, CA
[19:17:43]   ✓ Power Market — Arcata, CA
[19:17:46]   ✓ Power Market — Arcata, CA
[19:17:50]   UPDATED: Power Market — Auburn, CA
[19:17:55]   ✓ Power Market — Auburn, CA
[19:18:05]   ✓ Power Market — Bay Point, CA
[19:18:12]   ✓ Power Market — Brentwood, CA
[19:18:18]   ✓ Chevron — Buena Park, CA
[19:18:26]   ✓ Power Market — Cameron Park, CA
[19:18:30]   ✓ Power Market — Capitola, CA
[19:18:36]   ✓ Power Market — Carmel-By-The-Sea, CA
[19:18:42]   ✓ Power Market — Carmel-By-The-Sea, CA
[19:18:45]   ✓ Power Market — Carmichael, CA
[19:18:52]   ✓ Chevron — Cerritos, CA
[19:19:01]   ✓ Power Market — Cerritos, CA
[19:19:22]   ✓ Power Market — Chico, CA
[19:19:33]   ✓ Power Market — Chico, CA
[19:19:36]   ✓ Power Market — Chico, CA
[19:19:36]   Progress: 25/216 | inserted=20 skipped=1 errors=2
[19:19:45]   ✓ Power Market — Chino, CA
[19:19:53]   ✓ Chevron — Chula Vista, CA
[19:20:01]   ERROR 221 S Hacienda Blvd, City of Industry, CA: DFS 40102: No Search Results.
[19:20:05]   ✓ Power Market — Clearlake Oaks, CA
[19:20:09]   ✓ Power Market — Corona Del Mar, CA
[19:20:12]   ✓ Power Market — Crescent City, CA
[19:20:16]   ERROR 1006 US HIGHWAY 101 N, Crescent City, CA: DFS 40102: No Search Results.
[19:20:21]   ✓ Chevron Crescent City — Crescent City, CA
[19:20:26]   ✓ Power Market — Cypress, CA
[19:20:30]   ✓ Power Market — Diamond Springs, CA
[19:20:35]   ✓ H&S Energy - Extra Mile — Elk Grove, CA
[19:20:42]   UPDATED: Power Market — Elk Grove, CA
[19:20:47]   UPDATED: Power Market — Elk Grove, CA
[19:20:50]   ✓ Power Market — Eureka, CA
[19:20:54]   ✓ Power Market — Eureka, CA
[19:20:59]   ✓ Power Market — Eureka, CA
[19:21:04]   ✓ Power Market — Eureka, CA
[19:21:12]   ✓ Power Market — Eureka, CA
[19:21:16]   ✓ Power Market — Eureka, CA
[19:21:22]   ✓ Power Market — Eureka, CA
[19:21:26]   ✓ Power Market — Eureka, CA
[19:21:28]   ERROR 8900 Madison Ave, Fair Oaks, CA: DFS 40102: No Search Results.
[19:21:34]   ✓ Power Market — Fair Oaks, CA
[19:21:42]   ✓ Power Market — Fairfield, CA
[19:21:46]   ✓ Power Market — Fairfield, CA
[19:21:46]   Progress: 50/216 | inserted=40 skipped=1 errors=5
[19:21:51]   ✓ Power Market — Folsom, CA
[19:21:55]   ERROR 9881 Greenback Ln, Folsom, CA: DFS 40102: No Search Results.
[19:22:00]   ERROR 1020 Riley St, Folsom, CA: DFS 40102: No Search Results.
[19:22:06]   ✓ Power Market — Fortuna, CA
[19:22:15]   ✓ Power Market — Fortuna, CA
[19:22:17]   ✓ Power Market — Fortuna, CA
[19:22:24]   ✓ Power Market — Fortuna, CA
[19:22:29]   ✓ Power Market — Fremont, CA
[19:22:37]   ✓ ExtraMile — Fullerton, CA
[19:22:42]   ✓ Power Market — Garberville, CA
[19:22:47]   ✓ Power Market — Guadalupe, CA
[19:22:50]   ERROR 604 S Coast Hwy, Laguna Beach, CA: DFS 40102: No Search Results.
[19:22:54]   ERROR 25991 Crown Valley Pkwy, Laguna Niguel, CA: DFS 40102: No Search Results.
[19:23:02]   ✓ Power Market — Laguna Niguel, CA
[19:23:06]   ✓ Power Market — Lakeport, CA
[19:23:18]   ✓ Power Market — Lakeport, CA
[19:23:21]   ✓ Power Market — Lathrop, CA
[19:23:24]   ERROR 671 Lincoln Blvd, Lincoln, CA: DFS 40102: No Search Results.
[19:23:32]   ✓ Power Market — Lincoln, CA
[19:23:36]   ✓ Power Market — Live Oak, CA
[19:23:48]   ✓ Power Market — Los Alamitos, CA
[19:23:52]   ✓ Power Market — Los Angeles, CA
[19:23:56]   ✓ Power Market — Los Angeles, CA
[19:24:03]   ✓ ExtraMile — Los Angeles, CA
[19:24:03]   Progress: 75/216 | inserted=59 skipped=2 errors=10
[19:24:14]   ✓ Power Market — Los Angeles, CA
[19:24:18]   ✓ Power Market — Lower Lake, CA
[19:24:21]   ✓ Power Market — Lucerne, CA
[19:24:27]   ✓ Power Market — Manteca, CA
[19:24:33]   ERROR 3030 Del Monte Blvd, Marina, CA: DFS 40102: No Search Results.
[19:24:44]   ✓ Power Market — Martinez, CA
[19:24:49]   ✓ Power Market — McKinleyville, CA
[19:24:58]   ✓ Power Market — Milpitas, CA
[19:25:06]   ✓ Power Market — Montclair, CA
[19:25:11]   ✓ POWER MARKET (Gas)- Montebello- Paramount Blvd — Montebello, CA
[19:25:15]   ✓ Chevron — Montebello, CA
[19:25:22]   ✓ Shell — Montebello, CA
[19:25:30]   ✓ H&S Gas — Nice, CA
[19:25:38]   ✓ Power Market — North Highlands, CA
[19:25:43]   ✓ Power Market — Oakley, CA
[19:25:45]   ERROR 656 Benet Rd, Oceanside, CA: DFS 40102: No Search Results.
[19:25:53]   ✓ ExtraMile — Oceanside, CA
[19:25:58]   ✓ ExtraMile — Oceanside, CA
[19:26:06]   ✓ Power Market — Olivehurst, CA
[19:26:13]   ✓ Power Market — Olivehurst, CA
[19:26:20]   ✓ Power Market — Oroville, CA
[19:26:23]   ✓ Power Market — Pacific Grove, CA
[19:26:29]   ERROR 1440 E Washington St, Petaluma, CA: DFS 40102: No Search Results.
[19:26:34]   ✓ Power Market — Pittsburg, CA
[19:26:37]   ✓ Power Market — Bay Point, CA
[19:26:37]   Progress: 100/216 | inserted=81 skipped=2 errors=13
[19:26:42]   ✓ ExtraMile — Pomona, CA
[19:26:43]   ERROR 1903 W Holt Ave, Pomona, CA: DFS 40102: No Search Results.
[19:26:54]   ✓ Chevron — Pomona, CA
[19:27:02]   ✓ Power Market — Redding, CA
[19:27:05]   UPDATED: Power Market — Redding, CA
[19:27:18]   ✓ Power Market — Rio Dell, CA
[19:27:24]   ✓ Power Market — Rocklin, CA
[19:27:28]   ERROR 1400 E Roseville Pkwy, Roseville, CA: DFS 40102: No Search Results.
[19:27:32]   ✓ ExtraMile — Roseville, CA
[19:27:37]   ✓ Power Market — Roseville, CA
[19:27:42]   ✓ Power Market — Sacramento, CA
[19:27:52]   ✓ Power Market — Sacramento, CA
[19:27:59]   ERROR 3300 Bradshaw Rd, Sacramento, CA: DFS 40102: No Search Results.
[19:28:05]   ✓ H & S Energy Products 3076 — Sacramento, CA
[19:28:12]   ✓ Power Market — Sacramento, CA
[19:28:14]   ERROR 5597 Stockton Blvd, Sacramento, CA: DFS 40102: No Search Results.
[19:28:19]   ✓ Shell — Salinas, CA
[19:28:23]   ✓ Power Market — Salinas, CA
[19:28:33]   ✓ Power Market — Salinas, CA
[19:28:37]   ✓ Power Market — San Andreas, CA
[19:28:44]   ✓ ExtraMile — San Diego, CA
[19:28:48]   ✓ ExtraMile — San Diego, CA
[19:28:53]   ✓ ExtraMile — San Diego, CA
[19:28:59]   ✓ Power Market — San Francisco, CA
[19:28:59]   Progress: 125/216 | inserted=100 skipped=3 errors=17
[19:29:04]   ✓ Power Market — San Jose, CA
[19:29:09]   ✓ ExtraMile — San Ysidro, CA
[19:29:24]   ✓ Power Market — Santa Clara, CA
[19:29:27]   ✓ Power Market — Santa Cruz, CA
[19:29:36]   ✓ Power Market — Santa Monica, CA
[19:29:44]   ✓ Power Market — Santa Monica, CA
[19:29:53]   ✓ Power Market — Santa Monica, CA
[19:29:56]   ✓ Power Market — Santa Rosa, CA
[19:30:02]   ✓ Power Market — Santa Rosa, CA
[19:30:09]   ✓ Power Market — Scotts Valley, CA
[19:30:16]   ✓ Power Market — Scotts Valley, CA
[19:30:18]   ERROR 1305 S Front St, Soledad, CA: DFS 40102: No Search Results.
[19:30:28]   ✓ Chevron ExtraMile South El Monte — South El Monte, CA
[19:30:35]   ✓ Power Market — South Lake Tahoe, CA
[19:30:40]   ✓ Power Market — Fairfield, CA
[19:30:43]   ✓ Power Market — Tracy, CA
[19:30:50]   ✓ Power Market — Truckee, CA
[19:30:55]   ✓ Power Market — Truckee, CA
[19:31:05]   ✓ Power Market — Union City, CA
[19:31:10]   ✓ Texaco — Vacaville, CA
[19:31:11]   ERROR 900 Mason St, Vacaville, CA: DFS 40102: No Search Results.
[19:31:15]   ERROR 223 Fairgrounds Dr, Vallejo, CA: DFS 40102: No Search Results.
[19:31:23]   ✓ Power Market — Vallejo, CA
[19:31:24]   ERROR 251 Lincoln Blvd, Venice, CA: DFS 40102: No Search Results.
[19:31:36]   ✓ Power Market — West Sacramento, CA
[19:31:36]   Progress: 150/216 | inserted=121 skipped=3 errors=21
[19:31:43]   ✓ Power Market — Woodland, CA
[19:31:57]   ✓ Power Market — Yuba City, CA
[19:32:00]   ✓ Power Market — Incline Village, NV
[19:32:06]   ✓ Power Market — Ashland, OR
[19:32:11]   ✓ Power Market — Banks, OR
[19:32:17]   ✓ Power Market — Beaver, OR
[19:32:22]   ✓ Chevron — Beavercreek, OR
[19:32:27]   ✓ Power Market — Bend, OR
[19:32:40]   ✓ Power Market — Bend, OR
[19:32:43]   ✓ Power Market — Bend, OR
[19:32:47]   ✓ Power Market — Bend, OR
[19:32:52]   ✓ Power Market — Bend, OR
[19:32:56]   ✓ Power Market — Brookings, OR
[19:32:59]   ✓ Power Market — Brookings, OR
[19:33:01]   ERROR 262 SE 1st Ave, Canby, OR: DFS 40102: No Search Results.
[19:33:08]   ✓ Power Market — Cave Junction, OR
[19:33:13]   ✓ Power Market — Central Point, OR
[19:33:16]   ✓ Power Market — Central Point, OR
[19:33:23]   ✓ Power Market — White City, OR
[19:33:32]   ✓ Power Market — Oregon City, OR
[19:33:37]   ✓ Power Market — Gales Creek, OR
[19:33:40]   ✓ Power Market — Garibaldi, OR
[19:33:45]   ✓ Texaco — Gladstone, OR
[19:33:49]   ✓ Power Market — Grants Pass, OR
[19:33:54]   ✓ Power Market — Grants Pass, OR
[19:33:54]   Progress: 175/216 | inserted=145 skipped=3 errors=22
[19:33:58]   ✓ Power Market — Grants Pass, OR
[19:34:06]   ✓ Power Market — Grants Pass, OR
[19:34:10]   ✓ Power Market — Grants Pass, OR
[19:34:14]   ✓ Power Market — Grants Pass, OR
[19:34:18]   ✓ Power Market — Grants Pass, OR
[19:34:26]   ✓ Power Market — Grants Pass, OR
[19:34:28]   ✓ Power Market — Jacksonville, OR
[19:34:33]   ✓ Power Market — Klamath Falls, OR
[19:34:41]   ✓ Power Market — Klamath Falls, OR
[19:34:46]   ✓ Power Market — Klamath Falls, OR
[19:34:48]   ERROR 52530 Hwy 97, La Pine, OR: DFS 40102: No Search Results.
[19:34:53]   ✓ Power Market — Madras, OR
[19:34:59]   ✓ Power Market — Medford, OR
[19:35:03]   ✓ Power Market — Medford, OR
[19:35:06]   ✓ Power Market — Medford, OR
[19:35:10]   ✓ Power Market — Medford, OR
[19:35:15]   ✓ Power Market — Medford, OR
[19:35:23]   ✓ Power Market — Medford, OR
[19:35:24]   ERROR 3046 SE Harrison St, Milwaukie, OR: DFS 40102: No Search Results.
[19:35:29]   ✓ Chevron Milwaukie — Milwaukie, OR
[19:35:33]   ✓ Power Market — Nehalem, OR
[19:35:43]   ERROR 1511 Molalla Ave, Oregon City, OR: DFS 40102: No Search Results.
[19:35:48]   ✓ Power Market — Pacific City, OR
[19:35:53]   ✓ Power Market — Phoenix, OR
[19:35:53]   Progress: 200/216 | inserted=166 skipped=4 errors=25
[19:35:57]   ✓ Power Market — Port Orford, OR
[19:36:02]   ✓ Power Market — Port Orford, OR
[19:36:06]   ✓ Power Market — Prineville, OR
[19:36:08]   ERROR 2005 S Hwy 97, Redmond, OR: DFS 40102: No Search Results.
[19:36:11]   ✓ Power Market — Rogue River, OR
[19:36:16]   ✓ Power Market — Rogue River, OR
[19:36:19]   ✓ Power Market — Roseburg, OR
[19:36:24]   ✓ Power Market — Selma, OR
[19:36:28]   ✓ Power Market — Shady Cove, OR
[19:36:32]   ✓ Power Market — Sunriver, OR
[19:36:37]   ✓ Power Market — Talent, OR
[19:36:41]   ✓ Power Market — Talent, OR
[19:36:44]   ✓ Power Market — Terrebonne, OR
[19:36:48]   ✓ Power Market — Tillamook, OR
[19:36:56]   ✓ Power Market — White City, OR
[19:37:02]   ✓ Power Market — Willamina, OR
[19:37:02] Power Market complete: 181 inserted | 4 skipped | 26 errors
[19:37:02] 
--- Phase 2: Review mining for new chain listings ---
[19:37:02] (Reviews confirm quality; is_touchless will NOT be reverted — chain source is authoritative)
[19:39:02] Batch 1: scanned=50 with_snippets=15 (119s)
[19:41:02] Batch 2: scanned=50 with_snippets=24 (239s)
[19:43:10] Batch 3: scanned=50 with_snippets=20 (368s)
[19:44:54] Batch 4: scanned=50 with_snippets=19 (472s)
[19:46:44] Batch 5: scanned=50 with_snippets=26 (582s)
[19:48:26] Batch 6: scanned=50 with_snippets=18 (683s)
[19:49:42] Batch 7: scanned=50 with_snippets=17 (760s)
[19:50:34] Batch 8: scanned=50 with_snippets=20 (812s)
[19:51:48] Batch 9: scanned=50 with_snippets=10 (885s)
[19:52:30] Batch 10: scanned=50 with_snippets=16 (927s)
[19:53:54] Batch 11: scanned=50 with_snippets=11 (1011s)
[19:55:19] Batch 12: scanned=50 with_snippets=9 (1096s)
[19:55:34] Batch 13: scanned=50 with_snippets=0 (1112s)
[19:56:43] Batch 14: scanned=50 with_snippets=0 (1180s)
[19:57:05] Batch 15: scanned=43 with_snippets=0 (1203s)
[19:57:05] Review mining complete.
[19:57:05] 
[19:57:05] ============================================================
[19:57:05] CHAIN IMPORT COMPLETE
[19:57:05]   Inserted:       314
[19:57:05]   Skipped:        5
[19:57:05]   Errors:         75
[19:57:05]   Mining batches: 15 (743 scanned, 205 got snippets)
[19:57:05] ============================================================
[19:57:24] ============================================================
[19:57:24] Chain location import: Holiday Stationstores + Power Market
[19:57:24] ============================================================
[19:57:24] Loading existing slugs...
[19:57:31] Loaded 52768 existing slugs
[19:57:31] Loading existing addresses...
[19:57:39] Loaded 34281 existing address records
[19:57:39] 
--- Holiday Stationstores: 188 confirmed touchless locations ---
[19:57:39] Holiday Stationstores complete: 0 inserted | 188 skipped | 0 errors
[19:57:39] 
--- Power Market: 216 confirmed touchless locations ---
[19:57:39] Power Market complete: 0 inserted | 216 skipped | 0 errors
[19:57:39] 
--- Kwik Trip: 172 confirmed touchless locations ---
[19:57:42]   ✓ Kwik Trip — Altoona, WI
[19:57:47]   ✓ Kwik Trip — Altoona, WI
[19:57:50]   ✓ Kwik Trip #595 — Amery, WI
[19:57:58]   ✓ Kwik Trip — Antigo, WI
[19:58:03]   ✓ Kwik Trip — Antigo, WI
[19:58:08]   ✓ Kwik Trip — Appleton, WI
[19:58:13]   ✓ Kwik Trip — Appleton, WI
[19:58:19]   ✓ Kwik Trip — Grand Chute, WI
[19:58:29]   ✓ Kwik Trip — Ashland, WI
[19:58:43]   ERROR 2300 Lakeshore Dr E, Ashland, WI: DFS 40102: No Search Results.
[19:58:46]   ERROR 1814 Lakeshore Dr W, Ashland, WI: DFS 40102: No Search Results.
[19:58:56]   ✓ Kwik Trip — Ashwaubenon, WI
[19:59:10]   ✓ Kwik Trip — Ashwaubenon, WI
[19:59:14]   ✓ Kwik Trip — Baldwin, WI
[19:59:21]   ✓ Kwik Trip — Baraboo, WI
[19:59:27]   UPDATED: Kwik Trip — Barneveld, WI
[19:59:36]   ✓ Kwik Trip — Barron, WI
[19:59:47]   ✓ Kwik Trip — Beaver Dam, WI
[19:59:53]   ✓ Kwik Trip — Beaver Dam, WI
[20:00:06]   ✓ Kwik Trip — Belleville, WI
[20:00:11]   ✓ Kwik Trip — Belgium, WI
[20:00:20]   ✓ Kwik Trip — Beloit, WI
[20:00:22]   ERROR 2107 1st Center Ave, Brodhead, WI: DFS 40102: No Search Results.
[20:00:39]   ✓ Kwik Trip — Burlington, WI
[20:00:50]   ✓ Kwik Trip — Burlington, WI
[20:00:50]   Progress: 25/172 | inserted=21 skipped=0 errors=3
[20:01:29]   ✓ Kwik Trip — Cambridge, WI
[20:02:34]   ✓ Kwik Trip — Cameron, WI
[20:03:00]   ✓ Kwik Trip — Chippewa Falls, WI
[20:03:21]   ✓ Kwik Trip — Clintonville, WI
[20:03:34]   ✓ Kwik Trip — Columbus, WI
[20:03:50]   UPDATED: Kwik Trip — Combined Locks, WI
[20:04:01]   ✓ Kwik Trip — Cottage Grove, WI
[20:04:05]   ERROR 401 W Cottage Grove Rd, Cottage Grove, WI: DFS 40102: No Search Results.
[20:04:53]   ✓ Kwik Trip — Crivitz, WI
[20:05:04]   ✓ KWIK TRIP #124 — DeForest, WI
[20:05:25]   ✓ Kwik Trip #557 — DeForest, WI
[20:05:43]   ✓ Kwik Trip #1093 — DeForest, WI
[20:05:54]   ✓ Kwik Trip Travel Center--Denmark — Denmark, WI
[20:06:02]   ✓ Kwik Trip — De Pere, WI
[20:06:41]   ✓ Kwik Trip — Dodgeville, WI
[20:07:01]   ✓ Kwik Trip — Durand, WI
[20:07:19]   ✓ Kwik Trip — Eagle River, WI
[20:07:46]   ✓ Kwik Trip — Eau Claire, WI
[20:07:50]   ERROR 2327 N Clairemont Ave, Eau Claire, WI: DFS 40102: No Search Results.
[20:08:24]   ✓ Kwik Trip — Eau Claire, WI
[20:08:55]   ✓ Kwik Trip — Eau Claire, WI
[20:09:25]   ✓ Kwik Trip — Eau Claire, WI
[20:09:46]   ✓ Kwik Trip — Eau Claire, WI
[20:10:18]   ✓ Kwik Trip — Elkhorn, WI
[20:10:18]   Progress: 50/172 | inserted=42 skipped=1 errors=5
[20:10:57]   ✓ Kwik Trip — Fitchburg, WI
[20:11:29]   ✓ Kwik Trip — Fitchburg, WI
[20:12:09]   ✓ Kwik Trip — Fond du Lac, WI
[20:12:39]   ✓ Kwik Trip — Fond du Lac, WI
[20:13:14]   ✓ KWIK TRIP #579 — Fond du Lac, WI
[20:13:35]   ✓ Kwik Trip — Fond du Lac, WI
[20:13:55]   ✓ Kwik Trip — Fond du Lac, WI
[20:14:26]   ✓ Kwik Trip — Fort Atkinson, WI
[20:14:43]   ✓ Kwik Trip — Franklin, WI
[20:15:13]   ✓ Kwik Trip — Franklin, WI
[20:15:23]   ✓ Kwik Trip — Germantown, WI
[20:15:52]   ✓ Kwik Trip — Grand Chute, WI
[20:16:26]   ✓ Kwik Trip — Grand Chute, WI
[20:16:55]   ✓ Kwik Trip — Green Bay, WI
[20:17:19]   ✓ Kwik Trip — Green Bay, WI
[20:17:27]   ✓ Kwik Trip — Green Bay, WI
[20:18:03]   ✓ Kwik Trip — Green Bay, WI
[20:18:09]   ✓ Kwik Trip — Green Bay, WI
[20:18:23]   ✓ Kwik Trip — Hartland, WI
[20:18:39]   ✓ KWIK TRIP #1112 — Hayward, WI
[20:18:59]   ✓ Kwik Trip — Holmen, WI
[20:18:59]   Progress: 75/172 | inserted=63 skipped=5 errors=5
[20:19:15]   ✓ Kwik Trip — Holmen, WI
[20:19:28]   ✓ Kwik Trip — Hortonville, WI
[20:19:44]   ✓ Kwik Trip — Howard, WI
[20:19:53]   ✓ Kwik Trip — Hudson, WI
[20:20:00]   ✓ Kwik Trip — Hudson, WI
[20:20:13]   ✓ Kwik Trip — Janesville, WI
[20:20:26]   ✓ Kwik Trip — Janesville, WI
[20:20:40]   ✓ Kwik Trip — Janesville, WI
[20:20:51]   ✓ Kwik Trip — Janesville, WI
[20:20:59]   ✓ Kwik Trip — Jefferson, WI
[20:21:11]   ✓ Kwik Trip — Johnson Creek, WI
[20:21:21]   ✓ Kwik Trip — Kaukauna, WI
[20:21:37]   ✓ Kwik Trip — Kenosha, WI
[20:21:42]   ✓ Kwik Trip — Kenosha, WI
[20:21:59]   ✓ Kwik Trip — Kimberly, WI
[20:22:09]   ERROR 4828 Mormon Coulee Rd, La Crosse, WI: DFS 40102: No Search Results.
[20:22:20]   ✓ Kwik Trip — La Crosse, WI
[20:22:34]   ✓ Kwik Trip — La Crosse, WI
[20:22:40]   ✓ Kwik Trip — La Crosse, WI
[20:23:00]   ✓ Kwik Trip — Ladysmith, WI
[20:23:12]   ✓ Kwik Trip — Lake Geneva, WI
[20:23:22]   ✓ Kwik Trip — Lodi, WI
[20:23:31]   ✓ Kwik Trip — Madison, WI
[20:23:33]   ERROR 5440 E Broadway, Madison, WI: DFS 40102: No Search Results.
[20:23:38]   ERROR 8201 Watts Rd, Madison, WI: DFS 40102: No Search Results.
[20:23:42]   ERROR 7602 Tree Ln, Madison, WI: DFS 40102: No Search Results.
[20:23:45]   ERROR 725 N High Point Rd, Madison, WI: DFS 40102: No Search Results.
[20:23:50]   ERROR 4402 Calumet Ave, Manitowoc, WI: DFS 40102: No Search Results.
[20:23:54]   ERROR 1801 Marinette Ave, Marinette, WI: DFS 40102: No Search Results.
[20:23:59]   UPDATED: Kwik Trip — Marshall, WI
[20:24:06]   ✓ Kwik Trip — Medford, WI
[20:24:15]   ✓ Kwik Trip — Menasha, WI
[20:24:23]   ERROR W156 N8481 Pilgrims Rd, Menomonee Falls, WI: DFS 40102: No Search Results.
[20:24:33]   ✓ Kwik Trip — Menomonie, WI
[20:24:36]   ERROR 7400 Erin St, Middleton, WI: DFS 40102: No Search Results.
[20:24:39]   ERROR 720 Oneida St, Minocqua, WI: DFS 40102: No Search Results.
[20:24:45]   ERROR 2900 Winnebago St, Monona, WI: DFS 40102: No Search Results.
[20:25:03]   ✓ Kwik Trip — Monroe, WI
[20:25:10]   ✓ Kwik Trip — Mt Horeb, WI
[20:25:16]   ✓ Kwik Trip — Mukwonago, WI
[20:25:26]   ERROR S65 W17700 Martin Dr, Muskego, WI: DFS 40102: No Search Results.
[20:25:35]   ✓ Kwik Trip — Neenah, WI
[20:26:18]   ✓ Kwik Trip #971 — New Berlin, WI
[20:26:36]   ✓ Kwik Trip — New Holstein, WI
[20:26:47]   ERROR 920 W Washington St, New London, WI: DFS 40102: No Search Results.
[20:27:00]   ERROR 1430 Paperjack Dr, New Richmond, WI: DFS 40102: No Search Results.
[20:27:04]   ERROR 7750 S Howell Ave, Oak Creek, WI: DFS 40102: No Search Results.
[20:27:14]   ERROR 1125 E Main St, Omro, WI: DFS 40102: No Search Results.
[20:27:24]   ✓ Kwik Trip — Onalaska, WI
[20:27:24]   Progress: 125/172 | inserted=95 skipped=6 errors=21
[20:27:29]   ✓ Kwik Trip — Oregon, WI
[20:27:38]   ✓ Kwik Trip — Oshkosh, WI
[20:27:48]   ✓ Kwik Trip — Oshkosh, WI
[20:27:51]   ERROR 1025 N Westhaven Dr, Oshkosh, WI: DFS 40102: No Search Results.
[20:27:58]   ERROR N4650 US Hwy 151, Perry/Randolph, WI: DFS 40102: No Search Results.
[20:28:04]   ✓ Kwik Trip — Phillips, WI
[20:28:08]   ERROR 3400 N Point Dr, Plover, WI: DFS 40102: No Search Results.
[20:28:14]   ✓ Kwik Trip — Plymouth, WI
[20:28:17]   ERROR 2703 New Pinery Rd, Portage, WI: DFS 40102: No Search Results.
[20:28:22]   ✓ Kwik Trip — Prairie du Sac, WI
[20:28:28]   ✓ Kwik Trip — Prescott, WI
[20:28:30]   ERROR 2610 S Main St, Rice Lake, WI: DFS 40102: No Search Results.
[20:28:32]   ERROR 1501 N Main St, River Falls, WI: DFS 40102: No Search Results.
[20:28:38]   ✓ Kwik Trip — Shawano, WI
[20:28:52]   ✓ Kwik Trip — Sheboygan, WI
[20:28:56]   ✓ Kwik Trip — Slinger, WI
[20:29:02]   ERROR 124 Crossroads Dr, Somerset, WI: DFS 40102: No Search Results.
[20:29:05]   ERROR 1225 W College Ave, South Milwaukee, WI: DFS 40102: No Search Results.
[20:29:08]   ERROR 24150 US 63, Spooner, WI: DFS 40102: No Search Results.
[20:29:15]   ERROR 5004 Main St, Stevens Point, WI: DFS 40102: No Search Results.
[20:29:18]   ERROR 2351 US Hwy 51 N, Stoughton, WI: DFS 40102: No Search Results.
[20:29:20]   ERROR 2801 Caledonia Rd, Sturtevant, WI: DFS 40102: No Search Results.
[20:29:30]   ✓ Kwik Trip — Suamico, WI
[20:29:49]   ✓ Kwik Trip — Sun Prairie, WI
[20:30:13]   ERROR 3302 Tower Ave, Superior, WI: DFS 40102: No Search Results.
[20:30:19]   ✓ Kwik Trip — Sussex, WI
[20:30:35]   ERROR N3485 Hwy 13, Toledo, WI: DFS 40102: No Search Results.
[20:30:50]   ✓ Kwik Trip — Turtle Lake, WI
[20:31:07]   ✓ Kwik Trip — Two Rivers, WI
[20:31:27]   ERROR 802 S Main St, Verona, WI: DFS 40102: No Search Results.
[20:31:30]   ERROR 1200 Blackhawk Dr, Viroqua, WI: DFS 40102: No Search Results.
[20:31:49]   ✓ Kwik Trip — Watertown, WI
[20:31:59]   ✓ Kwik Trip — Waukesha, WI
[20:32:02]   ERROR 1201 Royalton St, Waupaca, WI: DFS 40102: No Search Results.
[20:32:10]   ✓ Kwik Trip — Wausau, WI
[20:32:13]   ERROR 105 Prairie View Dr, Waunakee, WI: DFS 40102: No Search Results.
[20:32:28]   ✓ Kwik Trip — Waupun, WI
[20:32:30]   ERROR 2990 W Washington St, West Bend, WI: DFS 40102: No Search Results.
[20:32:35]   ERROR 2295 US Hwy 16, West Salem, WI: DFS 40102: No Search Results.
[20:32:49]   ERROR 715 W Main St, Whitewater, WI: DFS 40102: No Search Results.
[20:32:55]   ✓ Kwik Trip — Winneconne, WI
[20:33:02]   ✓ Kwik Trip #1118 — Wisconsin Dells, WI
[20:33:15]   ✓ Kwik Trip — Wisconsin Rapids, WI
[20:33:25] Kwik Trip complete: 117 inserted | 10 skipped | 42 errors
[20:33:25] 
--- Phase 2: Review mining for new chain listings ---
[20:33:25] (Reviews confirm quality; is_touchless will NOT be reverted — chain source is authoritative)
[20:35:02] Batch 1: scanned=50 with_snippets=13 (97s)
[20:36:06] Batch 2: scanned=50 with_snippets=6 (160s)
[20:36:40] Batch 3: scanned=32 with_snippets=3 (194s)
[20:36:40] Review mining complete.
[20:36:40] 
[20:36:40] ============================================================
[20:36:40] CHAIN IMPORT COMPLETE
[20:36:40]   Inserted:       117
[20:36:40]   Skipped:        414
[20:36:40]   Errors:         42
[20:36:40]   Mining batches: 3 (132 scanned, 22 got snippets)
[20:36:40] ============================================================
