[08:53:47] ============================================================
[08:53:47] Mine-and-verify pass started
[08:53:47] ============================================================
[08:55:39]   ✓ TOUCHLESS: Lozano Car Wash — Sunnyvale, CA (2 snippets)
[08:55:39]   ✗ REJECTED:  Touch Less Car Wash — Gaithersburg, MD
[08:55:39]   ✗ REJECTED:  Wash Works — Baltimore, MD
[08:55:39]   ✓ TOUCHLESS: Driven Car Wash — Hickory Hills, IL (1 snippets)
[08:55:39]   ✗ REJECTED:  Carwash Express — Philadelphia, PA
[08:55:39]   ✗ REJECTED:  Dash Car Wash — Las Vegas, NV
[08:55:39]   ✗ REJECTED:  Carriage Auto Wash — Cleveland, OH
[08:55:39]   ✗ REJECTED:  Wynwood Car Wash — Miami, FL
[08:55:39]   ✓ TOUCHLESS: Nascar Car Wash — Indianapolis, IN (1 snippets)
[08:55:39]   ✗ REJECTED:  Central Car Wash — Minneapolis, MN
[08:55:39]   ✗ REJECTED:  Tan's Touchless Carwash — Santa Clara, CA
[08:55:39]   ✗ REJECTED:  Atlantic Brushless Car Wash — Brooklyn, NY
[08:55:39]   ✗ REJECTED:  Ford Programming Phoenix — Phoenix, AZ
[08:55:39]   ✗ REJECTED:  Pals Quick Car Wash — San Jose, CA
[08:55:39]   ✗ REJECTED:  West Allis Full Service Car Wash — West Allis, WI
[08:55:39]   ✗ REJECTED:  Surf Thru Express Car Wash — Reno, NV
[08:55:39]   ✗ REJECTED:  Tenth & Harrison Car Wash — San Francisco, CA
[08:55:39]   ✗ REJECTED:  Foam and Wash Car Wash — Fishkill, NY
[08:55:39]   ✗ REJECTED:  Seabrook Touch Less Carwash — Lanham, MD
[08:55:39]   ✗ REJECTED:  Grand & Oakley Car Wash — Chicago, IL
[08:55:39]   ✗ REJECTED:  M&R Car Wash — Daly City, CA
[08:55:39]   ✓ TOUCHLESS: Auto Bright Car Care — Framingham, MA (7 snippets)
[08:55:39]   ✓ TOUCHLESS: Xpress Car Wash — Philadelphia, PA (2 snippets)
[08:55:39]   ✗ REJECTED:  Sudsville 24HR Car Wash — Catonsville, MD
[08:55:39] Batch 1: scanned=50 touchless=5 errors=0 (111s elapsed)
[08:57:20]   ✗ REJECTED:  Cool Drive Car Wash — Tucson, AZ
[08:57:20]   ✗ REJECTED:  Mobil — Bradenton, FL
[08:57:20]   ✓ TOUCHLESS: Splash N Dash Car Wash — San Francisco, CA (1 snippets)
[08:57:20]   ✓ TOUCHLESS: Dirks Car Wash Shadyside Express — Pittsburgh, PA (2 snippets)
[08:57:20]   ✗ REJECTED:  Ute Car Wash — Salt Lake City, UT
[08:57:20]   ✓ TOUCHLESS: Mr. Suds Wash — Erie, PA (2 snippets)
[08:57:20]   ✗ REJECTED:  Mobil — Doral, FL
[08:57:20]   ✗ REJECTED:  Express Car Wash — Washington, DC
[08:57:20]   ✗ REJECTED:  The Salem Car Wash — Salem, OH
[08:57:20]   ✓ TOUCHLESS: Spot Free Car Wash — San Antonio, TX (10 snippets)
[08:57:20]   ✗ REJECTED:  Mobil — Hollywood, FL
[08:57:20]   ✓ TOUCHLESS: Champlin Car Wash — Champlin, MN (6 snippets)
[08:57:20]   ✗ REJECTED:  Sparkle Self Service Car Wash — South Plainfield, NJ
[08:57:20]   ✓ TOUCHLESS: Sundance Car Wash — Lancaster, PA (6 snippets)
[08:57:20]   ✗ REJECTED:  Continental Car Wash — Philadelphia, PA
[08:57:20]   ✗ REJECTED:  Kimo's Tropical Car Wash — Reedley, CA
[08:57:20]   ✗ REJECTED:  Hometown Auto Spa - Lehighton — Lehighton, PA
[08:57:20]   ✗ REJECTED:  Rapids Car Wash — Hurst, TX
[08:57:20]   ✗ REJECTED:  Mr. Magic Car Wash - Wexford — Wexford, PA
[08:57:20]   ✗ REJECTED:  Best Car Wash — Queens, NY
[08:57:20]   ✓ TOUCHLESS: Murray Auto Spa — Murray, KY (5 snippets)
[08:57:20]   ✓ TOUCHLESS: Car Wash — Queens, NY (1 snippets)
[08:57:20]   ✗ REJECTED:  Future Wash — San Jose, CA
[08:57:20] Batch 2: scanned=50 touchless=8 errors=0 (212s elapsed)
[08:58:49]   ✓ TOUCHLESS: Solar Wash — Norfolk, VA (11 snippets)
[08:58:49]   ✗ REJECTED:  Green Clean Express Auto Wash — Virginia Beach, VA
[08:58:49]   ✓ TOUCHLESS: Magic Bubbles #3 24 hours / 365 days Automatic — New Orleans, LA (1 snippets)
[08:58:49]   ✓ TOUCHLESS: Sok's Rapid Car Wash — Sauk Rapids, MN (5 snippets)
[08:58:49]   ✗ REJECTED:  Brushless Car Wash Full Service & Exterior — Jamaica, NY
[08:58:49]   ✓ TOUCHLESS: Legacy Car Wash — Plano, TX (6 snippets)
[08:58:49]   ✗ REJECTED:  Precision Wash — Evans Mills, NY
[08:58:49]   ✓ TOUCHLESS: Flagstaff Car Wash — Tucson, AZ (1 snippets)
[08:58:49]   ✗ REJECTED:  Four Seasons Car Wash — Cincinnati, OH
[08:58:49]   ✓ TOUCHLESS: Coastal Carolina Car Wash — Carolina Beach, NC (3 snippets)
[08:58:49]   ✗ REJECTED:  Carriage House Auto Spa — Loveland, OH
[08:58:49]   ✓ TOUCHLESS: Anderson Car Wash Prospect Street — York, PA (1 snippets)
[08:58:49]   ✓ TOUCHLESS: Squeekys Car Wash 3 — Bakersfield, CA (3 snippets)
[08:58:49]   ✓ TOUCHLESS: Apex Car Wash Springville — Springville, NY (3 snippets)
[08:58:49]   ✓ TOUCHLESS: Ruidoso Laser Wash — Ruidoso, NM (3 snippets)
[08:58:49]   ✓ TOUCHLESS: X-Stream Car and Dog Wash — Omaha, NE (5 snippets)
[08:58:49]   ✓ TOUCHLESS: G Force Car Wash — York, NE (2 snippets)
[08:58:49]   ✓ TOUCHLESS: Ole Blue's Car Wash — Rifle, CO (3 snippets)
[08:58:49]   ✓ TOUCHLESS: Big Lake Car Wash — Big Lake, MN (1 snippets)
[08:58:49]   ✗ REJECTED:  Champ Touchless Car Wash — Essex Junction, VT
[08:58:49]   ✓ TOUCHLESS: Soak-N-Suds Car Wash — Piqua, OH (2 snippets)
[08:58:49]   ✓ TOUCHLESS: Blue Ocean Carwash — Tampa, FL (2 snippets)
[08:58:49]   ✗ REJECTED:  Peebles Car Wash — Milwaukee, WI
[08:58:49]   ✓ TOUCHLESS: Pure Waves Touchless Car Wash — Sheboygan, WI (3 snippets)
[08:58:49]   ✓ TOUCHLESS: Shell Touchfree Car Wash — La Jolla, CA (2 snippets)
[08:58:49]   ✗ REJECTED:  CK's CarWash — Johnson City, NY
[08:58:49]   ✗ REJECTED:  Manosh Car Wash — Morristown, VT
[08:58:49]   ✓ TOUCHLESS: Primrose Touch Free Car Wash — Westborough, MA (14 snippets)
[08:58:49]   ✓ TOUCHLESS: Firehouse Self-Service Touchless Car Wash — Browns Mills, NJ (1 snippets)
[08:58:49]   ✓ TOUCHLESS: Wash One Car Wash — Indian Trail, NC (3 snippets)
[08:58:49]   ✓ TOUCHLESS: Lazer Car Wash — Knoxville, IA (2 snippets)
[08:58:49]   ✓ TOUCHLESS: Precision Wash — Rome, NY (2 snippets)
[08:58:49] Batch 3: scanned=50 touchless=23 errors=0 (301s elapsed)
[09:00:38]   ✓ TOUCHLESS: Gentle Wave Car Wash — South Bend, IN (3 snippets)
[09:00:38]   ✓ TOUCHLESS: K & S Car Wash — Weedsport, NY (2 snippets)
[09:00:38]   ✗ REJECTED:  Mobil — Westmont, IL
[09:00:38]   ✓ TOUCHLESS: Niagara Carwash — Edinboro, PA (3 snippets)
[09:00:38]   ✗ REJECTED:  Caress Car Wash — Toledo, OH
[09:00:38]   ✓ TOUCHLESS: Trenton Super Wash — Trenton, OH (1 snippets)
[09:00:38]   ✓ TOUCHLESS: Touchless Car Wash — South Pittsburg, TN (3 snippets)
[09:00:38]   ✓ TOUCHLESS: Touchless Laser Wash — Lakewood, NY (3 snippets)
[09:00:38]   ✗ REJECTED:  Loop Car Wash And Gas Station — San Jose, CA
[09:00:38]   ✗ REJECTED:  Epic Cascades Carwash — Massillon, OH
[09:00:38]   ✓ TOUCHLESS: Touchless Car Wash — Gladstone, OR (11 snippets)
[09:00:38]   ✗ REJECTED:  Touchless Automatic Car Wash — Guymon, OK
[09:00:38]   ✓ TOUCHLESS: Pirate Laser Wash — Poteau, OK (1 snippets)
[09:00:38]   ✓ TOUCHLESS: The Works Touchless Car Wash — Brewerton, NY (2 snippets)
[09:00:38]   ✓ TOUCHLESS: Moonan's Touchless Car Wash — Bradford, PA (3 snippets)
[09:00:38]   ✓ TOUCHLESS: Laser Wash — Carlisle, IA (1 snippets)
[09:00:38]   ✗ REJECTED:  Chevron — Valencia, CA
[09:00:38]   ✓ TOUCHLESS: Car Wash Wizards | 149 Old Charlotte Highway — Asheville, NC (3 snippets)
[09:00:38]   ✓ TOUCHLESS: Frankfort Touchless Car Wash Open 24/7 — Frankfort, IL (8 snippets)
[09:00:38]   ✓ TOUCHLESS: Montoursville Laser Wash — Montoursville, PA (4 snippets)
[09:00:38]   ✗ REJECTED:  Cielo Car Wash — Monticello, MN
[09:00:38]   ✓ TOUCHLESS: Mission and Greene Scrubbing Machine Touchless Car Wash — Spokane, WA (1 snippets)
[09:00:38]   ✓ TOUCHLESS: Mr. Touchless Car Wash — Waterbury, CT (4 snippets)
[09:00:38]   ✓ TOUCHLESS: Carriage House Express Wash — Wilder, KY (1 snippets)
[09:00:38]   ✓ TOUCHLESS: Clive Laser Wash — Clive, IA (2 snippets)
[09:00:38]   ✓ TOUCHLESS: Touchless Car Wash — Callahan, FL (3 snippets)
[09:00:38]   ✓ TOUCHLESS: Park Avenue Laser Wash — Corning, NY (2 snippets)
[09:00:38] Batch 4: scanned=50 touchless=20 errors=0 (411s elapsed)
[09:02:32]   ✓ TOUCHLESS: Hawthorne Laser Carwash — Hawthorne, CA (5 snippets)
[09:02:32]   ✓ TOUCHLESS: Three Springs Laser — Weirton, WV (1 snippets)
[09:02:32]   ✓ TOUCHLESS: 421 Waterworks Carwash — Greensboro, NC (1 snippets)
[09:02:32]   ✗ REJECTED:  Carriage House Express Wash — Loveland, OH
[09:02:32]   ✓ TOUCHLESS: Touch Free Automatic Car Wash — Marietta, OH (3 snippets)
[09:02:32]   ✓ TOUCHLESS: Niagara Carwash — Girard, PA (2 snippets)
[09:02:32]   ✓ TOUCHLESS: Wooly Wash — Carterville, IL (1 snippets)
[09:02:32]   ✓ TOUCHLESS: Mobil — Walnut, CA (1 snippets)
[09:02:32]   ✓ TOUCHLESS: Soft touch Automatic — Cedar Hill, TX (3 snippets)
[09:02:32]   ✓ TOUCHLESS: Gibson City Car Wash — Gibson City, IL (1 snippets)
[09:02:32]   ✗ REJECTED:  Starlite Express Car Wash — Reno, NV
[09:02:32]   ✗ REJECTED:  Chevron ExtraMileRedwood City — Redwood City, CA
[09:02:32]   ✗ REJECTED:  Super Wash — Wilmington, IL
[09:02:32]   ✓ TOUCHLESS: Bluefield Laserwash — Bluefield, VA (1 snippets)
[09:02:32]   ✓ TOUCHLESS: Touchless Car Wash — York, PA (2 snippets)
[09:02:32]   ✓ TOUCHLESS: Touchless Car Wash — Glen Allen, VA (4 snippets)
[09:02:32]   ✓ TOUCHLESS: F5 Auto Wash Touchless Automatic — Madisonville, KY (2 snippets)
[09:02:32]   ✓ TOUCHLESS: SALEM II Touch FREE CAR WASH — Salem, OH (1 snippets)
[09:02:32]   ✓ TOUCHLESS: Magic Wand Laser Wash — Menominee, MI (1 snippets)
[09:02:32]   ✗ REJECTED:  Chevron⛽ — Burbank, CA
[09:02:32]   ✓ TOUCHLESS: Blue Falls Car Wash — Akron, OH (1 snippets)
[09:02:32]   ✗ REJECTED:  Swiftwater Car Wash #22 — San Antonio, TX
[09:02:32]   ✓ TOUCHLESS: Valley Suds Touchless & Self Serv Car Wash — Centuria, WI (2 snippets)
[09:02:32]   ✗ REJECTED:  Water Works Car Wash — Lutz, FL
[09:02:32] Batch 5: scanned=50 touchless=17 errors=0 (525s elapsed)
[09:04:29]   ✓ TOUCHLESS: Clean2o Touchfree Car Wash — Latham, NY (1 snippets)
[09:04:29]   ✓ TOUCHLESS: Bath Wash Works — Bath, ME (4 snippets)
[09:04:29]   ✗ REJECTED:  Holiday Stationstores | Car Wash — Eagan, MN
[09:04:29]   ✓ TOUCHLESS: The Wash — Beaufort, NC (1 snippets)
[09:04:29]   ✓ TOUCHLESS: Three Rivers Car Wash, LLC — Three Forks, MT (1 snippets)
[09:04:29]   ✓ TOUCHLESS: Liberty Auto Spa — Jacksonville, NC (1 snippets)
[09:04:29]   ✓ TOUCHLESS: Precision Wash — Central Square, NY (4 snippets)
[09:04:29]   ✗ REJECTED:  Delta Sonic Car Wash — Naperville, IL
[09:04:29]   ✓ TOUCHLESS: Prospect Square Touch Free Car Wash — Attica, NY (1 snippets)
[09:04:29]   ✗ REJECTED:  Laser Car Wash — Killeen, TX
[09:04:29]   ✓ TOUCHLESS: Splashville Car Wash - TOUCHLESS AUTO — Wheaton, IL (2 snippets)
[09:04:29]   ✓ TOUCHLESS: Quality Car Wash - Self-Serve and Touchless Car Wash — Cincinnati, OH (3 snippets)
[09:04:29]   ✓ TOUCHLESS: Brookville Laserwash — Brookville, IN (1 snippets)
[09:04:29]   ✓ TOUCHLESS: Mr. Quick Car Wash — Uniontown, PA (1 snippets)
[09:04:29]   ✓ TOUCHLESS: America's Finest Car Wash — Fort Mill, SC (1 snippets)
[09:04:29]   ✓ TOUCHLESS: Prenger's Laser Wash — Marceline, MO (2 snippets)
[09:04:29]   ✓ TOUCHLESS: Centerville Super Wash — Centerville, IN (1 snippets)
[09:04:29]   ✓ TOUCHLESS: Bolt Express Car Wash - Powell — Powell, OH (6 snippets)
[09:04:29]   ✗ REJECTED:  Touch-Free Car Wash — Charlotte, NC
[09:04:29]   ✗ REJECTED:  Touch Free Automatic Car Wash — Garden City, MI
[09:04:29]   ✓ TOUCHLESS: Touchless Car Wash — Syracuse, NY (3 snippets)
[09:04:29]   ✓ TOUCHLESS: Laser Car Wash — North Bend, OR (1 snippets)
[09:04:29]   ✓ TOUCHLESS: Touchless Automatic — Watseka, IL (1 snippets)
[09:04:29]   ✗ REJECTED:  Chevron — Eastvale, CA
[09:04:29] Batch 6: scanned=50 touchless=18 errors=0 (642s elapsed)
[09:05:28]   ✓ TOUCHLESS: Mt Horeb Car Wash — Mt Horeb, WI (2 snippets)
[09:05:28]   ✓ TOUCHLESS: Hyper Express Car Wash | TOUCHLESS Car Wash | Smithville — Smithville, OH (2 snippets)
[09:05:28]   ✓ TOUCHLESS: Monkey Shine Car Wash — Longmont, CO (3 snippets)
[09:05:28]   ✓ TOUCHLESS: Holiday Stationstores | Car Wash — Burnsville, MN (1 snippets)
[09:05:28]   ✗ REJECTED:  Touchless Car Wash — East Haven, CT
[09:05:28]   ✗ REJECTED:  2 Touchless Automatics Broadway Carwash — Louisville, KY
[09:05:28]   ✓ TOUCHLESS: Touch Free Automatic Car Wash — Temecula, CA (1 snippets)
[09:05:28]   ✓ TOUCHLESS: Touchless Automatic — Idaho Falls, ID (2 snippets)
[09:05:28]   ✗ REJECTED:  Princeton Laserwash — Princeton, WV
[09:05:28]   ✗ REJECTED:  Touch Free Automatic Car Wash — Alanson, MI
[09:05:28]   ✓ TOUCHLESS: Mobil Touchless Car Wash — Auburn Hills, MI (1 snippets)
[09:05:28]   ✓ TOUCHLESS: The Lily Pad Touchless Car Wash — Canton, OH (1 snippets)
[09:05:28]   ✓ TOUCHLESS: Touchless Car Wash — Smyrna, TN (2 snippets)
[09:05:28]   ✗ REJECTED:  MarketWash — Savannah, GA
[09:05:28]   ✓ TOUCHLESS: Carroll Fuel Touch Free Car Wash — Baltimore, MD (1 snippets)
[09:05:28]   ✓ TOUCHLESS: Touchless Automatic Car Wash — Gifford, FL (1 snippets)
[09:05:28]   ✓ TOUCHLESS: Aisle 1 Car Wash — Sacramento, CA (6 snippets)
[09:05:28]   ✓ TOUCHLESS: Clean Works Car Wash - 156th — Urbandale, IA (1 snippets)
[09:05:28]   ✓ TOUCHLESS: A-Bay Laserwash — Charlotte, NC (1 snippets)
[09:05:28]   ✓ TOUCHLESS: Garibaldi Car Wash — Garibaldi, OR (4 snippets)
[09:05:28] Batch 7: scanned=50 touchless=15 errors=0 (701s elapsed)
[09:06:00]   ✗ REJECTED:  Laser Car Wash — Stafford, VA
[09:06:00]   ✓ TOUCHLESS: Laserwash 4000 — Ramseur, NC (1 snippets)
[09:06:00]   ✗ REJECTED:  Snappy Car Wash LLC — Ladysmith, WI
[09:06:00]   ✗ REJECTED:  Boston Road Laserwash — Brunswick, OH
[09:06:00]   ✓ TOUCHLESS: Touchless Car Wash — Jackson, MI (2 snippets)
[09:06:00]   ✓ TOUCHLESS: Phil's Laserwash — Rochester, NY (1 snippets)
[09:06:00]   ✗ REJECTED:  Holiday Stationstores | Car Wash — Golden Valley, MN
[09:06:00]   ✗ REJECTED:  Touch.Free Car Wash — Jacksonville, FL
[09:06:00] Batch 8: scanned=50 touchless=3 errors=0 (733s elapsed)
[09:06:33]   ✓ TOUCHLESS: Greco's Laser Wash — Schenectady, NY (1 snippets)
[09:06:33]   ✗ REJECTED:  Laser Wash — Goldsboro, NC
[09:06:33]   ✗ REJECTED:  Laser Wash — Bald Eagle Township, PA
[09:06:33]   ✓ TOUCHLESS: Thortons Touch Free Car Wash — Galesburg, IL (2 snippets)
[09:06:33]   ✗ REJECTED:  Tsc Laser Wash — Vernon, AL
[09:06:33]   ✓ TOUCHLESS: Pueblo West Laser Wash & Vac — Pueblo West, CO (1 snippets)
[09:06:33]   ✓ TOUCHLESS: Magic Suds Car Wash & Laundromat — Elizabeth City, NC (1 snippets)
[09:06:33]   ✗ REJECTED:  Laserwash Touch Free Car Wash — Hardeeville, SC
[09:06:33] Batch 9: scanned=50 touchless=4 errors=0 (766s elapsed)
[09:07:10]   ✓ TOUCHLESS: Touchless Automatic — Huntsville, AL (4 snippets)
[09:07:10]   ✗ REJECTED:  Car Wash — Tucson, AZ
[09:07:10]   ✓ TOUCHLESS: Holiday Stationstores | Car Wash — Minnetonka, MN (1 snippets)
[09:07:10]   ✓ TOUCHLESS: Touchfree Car Wash — Cranston, RI (2 snippets)
[09:07:10]   ✓ TOUCHLESS: Touch Free Wash — Sacramento, CA (1 snippets)
[09:07:10]   ✓ TOUCHLESS: Touchless Car Wash — Kenosha, WI (2 snippets)
[09:07:10]   ✓ TOUCHLESS: Soft Touch Or Touchless car Wash — Chula Vista, CA (1 snippets)
[09:07:10]   ✓ TOUCHLESS: Holiday Stationstores | Car Wash — Bloomington, MN (1 snippets)
[09:07:10]   ✓ TOUCHLESS: Highland Touchless Car Wash — Baton Rouge, LA (2 snippets)
[09:07:10]   ✗ REJECTED:  Conwell's Laser Wash — Elmira, NY
[09:07:10]   ✗ REJECTED:  Touchless Automatic Carwash — Terre Haute, IN
[09:07:10]   ✓ TOUCHLESS: TOUCHFREE TUNNEL WASH — Omaha, NE (1 snippets)
[09:07:10] Batch 10: scanned=50 touchless=9 errors=0 (802s elapsed)
[09:07:48]   ✓ TOUCHLESS: Soft Touch Car Wash — York, ME (1 snippets)
[09:07:48]   ✓ TOUCHLESS: Touchless Car Wash — Plumas Lake, CA (1 snippets)
[09:07:48]   ✗ REJECTED:  Laser Wash — Big Flats, NY
[09:07:48]   ✓ TOUCHLESS: Touchfree Car Wash — Bethlehem, NY (1 snippets)
[09:07:48]   ✗ REJECTED:  Holiday Stationstores | Car Wash — Wayzata, MN
[09:07:48]   ✓ TOUCHLESS: Holiday Stationstores | Car Wash — East Bethel, MN (1 snippets)
[09:07:48]   ✓ TOUCHLESS: Annandale Laser Car Wash (Touchless Car Wash) — Annandale, VA (1 snippets)
[09:07:48]   ✗ REJECTED:  Touchless Car Wash — New Orleans, LA
[09:07:48]   ✓ TOUCHLESS: Royal Wash Touchless Automatic — Powder Springs, GA (1 snippets)
[09:07:48]   ✗ REJECTED:  Touchfree LASERWASH — Horseheads, NY
[09:07:48]   ✗ REJECTED:  Touch Free Car Wash — Newburgh, NY
[09:07:48]   ✗ REJECTED:  Touchless Automatic — New Albany, IN
[09:07:48]   ✓ TOUCHLESS: Snowy White Car Wash - Emsworth — Pittsburgh, PA (1 snippets)
[09:07:48] Batch 11: scanned=50 touchless=7 errors=0 (841s elapsed)
[09:08:26]   ✓ TOUCHLESS: TOUCHLESS CARWASH — Tilden, NE (1 snippets)
[09:08:26]   ✗ REJECTED:  Holiday Stationstores | Car Wash — Elk River, MN
[09:08:26]   ✓ TOUCHLESS: Jacksons Touchless Carwash — Meridian, ID (1 snippets)
[09:08:26]   ✗ REJECTED:  Laser Wash — Red Springs, NC
[09:08:26]   ✓ TOUCHLESS: CHEVRON TOUCH FREE CAR WASH — Delano, CA (2 snippets)
[09:08:26]   ✓ TOUCHLESS: Touchless car wash — North Las Vegas, NV (2 snippets)
[09:08:26]   ✗ REJECTED:  Yoder's Carwash — New Holland, PA
[09:08:26]   ✓ TOUCHLESS: Touchless Automatic — Chambersburg, PA (1 snippets)
[09:08:26] Batch 12: scanned=50 touchless=5 errors=0 (879s elapsed)
[09:08:58]   ✓ TOUCHLESS: Holiday Stationstores | Car Wash — Maplewood, MN (1 snippets)
[09:08:58]   ✗ REJECTED:  Touchless Automatic — Gardnerville, NV
[09:08:58]   ✓ TOUCHLESS: Holiday Stationstores | Car Wash — White Bear Lake, MN (1 snippets)
[09:08:58]   ✗ REJECTED:  Flash Wash — Vancouver, WA
[09:08:58]   ✗ REJECTED:  Chevron — Redmond, WA
[09:08:58]   ✓ TOUCHLESS: Munro Car Wash — Rolla, ND (1 snippets)
[09:08:58] Batch 13: scanned=50 touchless=3 errors=0 (910s elapsed)
[09:09:40]   ✗ REJECTED:  Rydell Car Wash — Grand Forks, ND
[09:09:40]   ✓ TOUCHLESS: Rocky Mountain Car Wash — Riverton, WY (2 snippets)
[09:09:40]   ✓ TOUCHLESS: Cactus Car Wash Innovations — Mesa, AZ (1 snippets)
[09:09:40]   ✗ REJECTED:  Soft Touch Express Car Wash — Milwaukee, WI
[09:09:40]   ✓ TOUCHLESS: Merrick's Touch Free Car Wash — Andrews, TX (1 snippets)
[09:09:40]   ✓ TOUCHLESS: Super Wash — Pittsburgh, PA (10 snippets)
[09:09:40]   ✓ TOUCHLESS: Terrible's Car Wash — Las Vegas, NV (2 snippets)
[09:09:40]   ✗ REJECTED:  Exxon — Deer Park, TX
[09:09:40]   ✗ REJECTED:  Touchless Car Wash — Fargo, ND
[09:09:40]   ✗ REJECTED:  24 Hr Touchless Car Wash — El Paso, TX
[09:09:40] Batch 14: scanned=50 touchless=5 errors=0 (952s elapsed)
[09:10:27]   ✗ REJECTED:  Blue Dolphin Car Wash — Woodinville, WA
[09:10:27]   ✗ REJECTED:  Prenger's Laser Wash — Centralia, MO
[09:10:27]   ✓ TOUCHLESS: Automatic Touchless Car wash — Farmington, NH (1 snippets)
[09:10:27]   ✗ REJECTED:  Towne Center Laser Wash — Richlands, VA
[09:10:27]   ✗ REJECTED:  Lighthouse Laserwash — Port Isabel, TX
[09:10:27]   ✓ TOUCHLESS: Timewise Touch Free Car Wash — Houston, TX (2 snippets)
[09:10:27]   ✗ REJECTED:  Touchless Laser Wash — Dayton, TX
[09:10:27]   ✗ REJECTED:  Valero Touchless Car Wash — Schertz, TX
[09:10:27]   ✓ TOUCHLESS: Touchfree Car Wash — Frankenmuth, MI (1 snippets)
[09:10:27]   ✓ TOUCHLESS: Cache Car Wash Nibley — Nibley, UT (3 snippets)
[09:10:27]   ✗ REJECTED:  Laser Car Wash — Pflugerville, TX
[09:10:27]   ✗ REJECTED:  Touchless Car Wash — Tualatin, OR
[09:10:27]   ✗ REJECTED:  Breckenridge Laserwash — Breckenridge, TX
[09:10:27]   ✓ TOUCHLESS: Black Hills Auto Spa Touchfree Car Wash — Rapid City, SD (1 snippets)
[09:10:27] Batch 15: scanned=50 touchless=5 errors=0 (999s elapsed)
[09:11:10]   ✓ TOUCHLESS: D's Touchless Car Wash, LLC — Othello, WA (3 snippets)
[09:11:10]   ✓ TOUCHLESS: Touchless Car Wash — Redmond, WA (3 snippets)
[09:11:10]   ✗ REJECTED:  General Car Wash — Everett, WA
[09:11:10]   ✓ TOUCHLESS: Clear Lake Laser Wash — Clear Lake, IA (3 snippets)
[09:11:10]   ✓ TOUCHLESS: Terrible's Car Wash — Las Vegas, NV (1 snippets)
[09:11:10]   ✗ REJECTED:  Terrible's Car Wash — North Las Vegas, NV
[09:11:10]   ✓ TOUCHLESS: Terrible's Car Wash — Las Vegas, NV (1 snippets)
[09:11:10]   ✓ TOUCHLESS: Touchless Car Wash — San Antonio, TX (2 snippets)
[09:11:10] Batch 16: scanned=50 touchless=6 errors=0 (1043s elapsed)
[09:12:03]   ✗ REJECTED:  Exxon — Glen Allen, VA
[09:12:03]   ✓ TOUCHLESS: Epic Cascades Carwash — Louisville, OH (1 snippets)
[09:12:03]   ✓ TOUCHLESS: Lakeland Touchless Car Wash — Syracuse, NY (1 snippets)
[09:12:03]   ✗ REJECTED:  $2 Tag Laser Wash! — Temple, TX
[09:12:03]   ✗ REJECTED:  Pueblo Laser Wash & Vac — Pueblo, CO
[09:12:03]   ✓ TOUCHLESS: That Guys Car wash — Decatur, MI (2 snippets)
[09:12:03]   ✗ REJECTED:  Chevron Deerfield Beach — Deerfield Beach, FL
[09:12:03] Batch 17: scanned=50 touchless=3 errors=0 (1096s elapsed)
[09:12:42]   ✗ REJECTED:  Chevron — El Monte, CA
[09:12:42]   ✗ REJECTED:  Holiday Stationstores | Car Wash — Rush City, MN
[09:12:42]   ✗ REJECTED:  Mobil — Mesa, AZ
[09:12:42] Batch 18: scanned=36 touchless=0 errors=0 (1135s elapsed)
[09:12:42] Mining phase complete.
[09:12:42] 
[09:12:42] Mining summary: 886 scanned | 156 touchless | 0 errors
[09:12:42] 
[09:12:42] --- Phase 2: Reverting no-evidence listings ---
[09:12:42] Found 727 is_touchless=true listings with no review evidence after mining
[09:12:42] Sample:
[09:12:42]   ProWash Car Wash — Portland, OR
[09:12:42]   Conwell's Laser Wash — Elmira, NY
[09:12:42]   Touchfree Carwash — Papillion, NE
[09:12:42]   On The Run Laserwash — Zapata, TX
[09:12:42]   Tiger Touch Free Wash — Huntington, WV
[09:12:42]   CrazyCat Car Wash — Eaton, OH
[09:12:42]   Car Wash — Austin, TX
[09:12:42]   Laser Wash — East Grand Forks, MN
[09:12:42]   ... and 719 more
[09:12:46] Reverted 727 listings to is_touchless=false
[09:12:46] 
[09:12:46] ============================================================
[09:12:46] COMPLETE
[09:12:46]   Mined:    886 listings
[09:12:46]   Kept:     156 newly confirmed touchless
[09:12:46]   Reverted: 727 with no evidence
[09:12:46] ============================================================
