[06:49:26] ============================================================
[06:49:26] OpenMart vs DB comparison started
[06:49:26] ============================================================
[06:49:26] OpenMart credits remaining: 47
[06:49:28] Page   1:  1000 IDs |  265 net-new |  735 already have | last score: 241.2 | cumulative new: 265
[06:49:30] Page   2:  1000 IDs |  550 net-new |  450 already have | last score: 209.3 | cumulative new: 815
[06:49:32] Page   3:  1000 IDs |  806 net-new |  194 already have | last score: 186.7 | cumulative new: 1,621
[06:49:33] Page   4:  1000 IDs |  826 net-new |  174 already have | last score: 166.0 | cumulative new: 2,447
[06:49:35] Page   5:  1000 IDs |  941 net-new |   59 already have | last score: 157.0 | cumulative new: 3,388
[06:49:35]   Credits remaining: 42
[06:49:37] Page   6:  1000 IDs |  972 net-new |   28 already have | last score: 151.5 | cumulative new: 4,360
[06:49:38] Page   7:  1000 IDs |  959 net-new |   41 already have | last score: 146.8 | cumulative new: 5,319
[06:49:38] Match score 146.8 < 150 — stopping (relevance too low)
[06:49:38] 
[06:49:38] ============================================================
[06:49:38] RESULTS SUMMARY
[06:49:38] ============================================================
[06:49:38] Total OpenMart IDs fetched:    7,000
[06:49:38] Already in our DB:             1,681  (24%)
[06:49:38] Net-new (not in DB):           5,319  (75%)
[06:49:38] Stopped because:               score_threshold
[06:49:38] 
[06:49:38] Net-new IDs saved to: /Users/michaelgray/Projects/TouchlessCarWash/scripts/openmart-net-new-place-ids.json
[06:49:38] Final OpenMart credits remaining: 40
