[21:05:45] ============================================================
[21:05:45] Overnight review mining started
[21:05:45] Processing all unscanned listings (unknowns + classified touchless)
[21:05:45] ============================================================
[21:07:10] Batch 1: scanned=50 touchless=0 ai_rejected=2 remaining=0 (85s)
[21:07:10]   ✗ REJECTED:  Sheetz — Raleigh, NC
[21:07:10]   ! ERROR:     Costco Gas Station — Oxnard, CA
[21:07:10]   ! ERROR:     Chevron — Dolan Springs, AZ
[21:07:10]   ! ERROR:     Costco Gas Station — Salem, OR
[21:07:10]   ! ERROR:     Sheetz — Garner, NC
[21:07:10]   ! ERROR:     Sheetz — Bethel, PA
[21:07:10]   ! ERROR:     Fuel Mart — Bradner, OH
[21:07:10]   ! ERROR:     Sheetz — Grantville, PA
[21:07:10]   ! ERROR:     Exxon — Marmet, WV
[21:07:10]   ! ERROR:     Sheetz — Chambersburg, PA
[21:07:10]   ✗ REJECTED:  Standard — San Francisco, CA
[21:07:10]   ! ERROR:     AAA Auto Wash - Cincinnati — Cincinnati, OH
[21:07:10]   ! ERROR:     Sam's Club Gas Station — Springfield, MO
[21:07:10]   ! ERROR:     Exxon — Pocono Summit, PA
[21:07:10]   ! ERROR:     Sheetz — Kutztown, PA
[21:07:10]   ! ERROR:     ARCO — Mohave Valley, AZ
[21:07:10]   ! ERROR:     Sheetz — Lynchburg, VA
[21:08:40] Batch 2: scanned=50 touchless=3 ai_rejected=1 remaining=0 (87s)
[21:08:40]   ! ERROR:     AAA Auto Wash - Cincinnati Central Parkway — Cincinnati, OH
[21:08:40]   ✓ TOUCHLESS: Mobil — La Jolla, CA (10 snippets)
[21:08:40]   ✓ TOUCHLESS: Mobil — Ontario, CA (1 snippets)
[21:08:40]   ✗ REJECTED:  CAR WASH A-ROD FULL DETAILING — Orlando, FL
[21:08:40]   ✓ TOUCHLESS: Exxon — Bartonsville, PA (3 snippets)
[21:10:12] Batch 3: scanned=50 touchless=5 ai_rejected=2 remaining=0 (90s)
[21:10:12]   ✓ TOUCHLESS: Shell — Claymont, DE (1 snippets)
[21:10:12]   ✓ TOUCHLESS: ARCO — Castaic, CA (1 snippets)
[21:10:12]   ✓ TOUCHLESS: Kwik Trip — Stacy, MN (1 snippets)
[21:10:12]   ✓ TOUCHLESS: Chevron — San Jose, CA (3 snippets)
[21:10:12]   ! ERROR:     Circle K — Moraine, OH
[21:10:12]   ✗ REJECTED:  Sheetz — Murrysville, PA
[21:10:12]   ✗ REJECTED:  Mobil — Bradenton, FL
[21:10:12]   ✓ TOUCHLESS: Marathon Gas — Ashland, OH (1 snippets)
[21:11:44] Batch 4: scanned=50 touchless=5 ai_rejected=1 remaining=0 (89s)
[21:11:44]   ✓ TOUCHLESS: Golden Gate Petroleum — Carson City, NV (1 snippets)
[21:11:44]   ✓ TOUCHLESS: 76 — Salida, CA (1 snippets)
[21:11:44]   ✓ TOUCHLESS: 76 — Penryn, CA (2 snippets)
[21:11:44]   ✓ TOUCHLESS: Exxon — Norfolk, VA (1 snippets)
[21:11:44]   ✗ REJECTED:  Mobil — Doral, FL
[21:11:44]   ✓ TOUCHLESS: Mobil — Sandy Hook, CT (1 snippets)
[21:12:38] Batch 5: scanned=50 touchless=6 ai_rejected=4 remaining=0 (51s)
[21:12:38]   ✓ TOUCHLESS: Exxon — Hollywood, FL (2 snippets)
[21:12:38]   ✗ REJECTED:  Sheetz — Pittsburgh, PA
[21:12:38]   ✓ TOUCHLESS: Mobil — Norwich, CT (2 snippets)
[21:12:38]   ✓ TOUCHLESS: Mobil — Fort Lauderdale, FL (2 snippets)
[21:12:38]   ✓ TOUCHLESS: Shell — Pueblo, CO (2 snippets)
[21:12:38]   ✓ TOUCHLESS: 76 — Irvine, CA (4 snippets)
[21:12:38]   ✓ TOUCHLESS: Chevron — Daly City, CA (8 snippets)
[21:12:38]   ✗ REJECTED:  Shell — South San Francisco, CA
[21:12:38]   ✗ REJECTED:  Valero — Burlingame, CA
[21:12:38]   ✗ REJECTED:  Mobil — Hollywood, FL
[21:13:59] Batch 6: scanned=50 touchless=7 ai_rejected=0 remaining=0 (78s)
[21:13:59]   ✓ TOUCHLESS: Exxon — Aurora, CO (1 snippets)
[21:13:59]   ✓ TOUCHLESS: Sheetz 481 — Wendell, NC (1 snippets)
[21:13:59]   ✓ TOUCHLESS: Chevron — Miami, FL (1 snippets)
[21:13:59]   ✓ TOUCHLESS: Mobil — Cranston, RI (5 snippets)
[21:13:59]   ✓ TOUCHLESS: Sheetz — Mt Airy, NC (1 snippets)
[21:13:59]   ✓ TOUCHLESS: Sam's Club Gas Station — St. Louis, MO (1 snippets)
[21:13:59]   ✓ TOUCHLESS: Chevron — Upper Lake, CA (1 snippets)
[21:15:24] Batch 7: scanned=50 touchless=3 ai_rejected=0 remaining=0 (82s)
[21:15:24]   ✓ TOUCHLESS: Kwik Trip — Oakdale, MN (2 snippets)
[21:15:24]   ✓ TOUCHLESS: Chevron — Novato, CA (3 snippets)
[21:15:24]   ✓ TOUCHLESS: Steese Gas — Fairbanks, AK (1 snippets)
[21:16:43] Batch 8: scanned=50 touchless=4 ai_rejected=0 remaining=0 (76s)
[21:16:43]   ✓ TOUCHLESS: Exxon — Greensboro, NC (1 snippets)
[21:16:43]   ✓ TOUCHLESS: Shell — Benton Harbor, MI (1 snippets)
[21:16:43]   ✓ TOUCHLESS: Santa Teresa Calco — San Jose, CA (5 snippets)
[21:16:43]   ✓ TOUCHLESS: Exxon — Winston-Salem, NC (1 snippets)
[21:18:05] Batch 9: scanned=50 touchless=8 ai_rejected=0 remaining=0 (79s)
[21:18:05]   ✓ TOUCHLESS: Phillips 66 — Cassopolis, MI (1 snippets)
[21:18:05]   ✓ TOUCHLESS: bp — Wadsworth, IL (1 snippets)
[21:18:05]   ✓ TOUCHLESS: Chevron — Chula Vista, CA (4 snippets)
[21:18:05]   ✓ TOUCHLESS: Kwik Trip — Waite Park, MN (1 snippets)
[21:18:05]   ✓ TOUCHLESS: Shell — Fort Lauderdale, FL (3 snippets)
[21:18:05]   ✓ TOUCHLESS: Sun Gas Chevron — West Palm Beach, FL (2 snippets)
[21:18:05]   ✓ TOUCHLESS: Mobil — Carlsbad, CA (1 snippets)
[21:18:05]   ✓ TOUCHLESS: bp — Troy, MI (2 snippets)
[21:19:22] Batch 10: scanned=50 touchless=3 ai_rejected=0 remaining=0 (74s)
[21:19:22]   ✓ TOUCHLESS: Kwik Trip — Duluth, MN (1 snippets)
[21:19:22]   ✓ TOUCHLESS: 76 — La Crescenta-Montrose, CA (1 snippets)
[21:19:22]   ✓ TOUCHLESS: Shell — San Bruno, CA (10 snippets)
[21:19:22]   --- Progress: 500 scanned, 44 touchless found, 17 errors | 14m elapsed | 0.6/s ---
[21:20:46] Batch 11: scanned=50 touchless=5 ai_rejected=1 remaining=0 (82s)
[21:20:46]   ✓ TOUCHLESS: Speedway — Columbus, OH (3 snippets)
[21:20:46]   ✓ TOUCHLESS: Sheetz — Canton, OH (2 snippets)
[21:20:46]   ✓ TOUCHLESS: Mobil — Latham, NY (1 snippets)
[21:20:46]   ✓ TOUCHLESS: Mobil — Syracuse, NY (1 snippets)
[21:20:46]   ✗ REJECTED:  Texaco — Kailua-Kona, HI
[21:20:46]   ✓ TOUCHLESS: Chevron Pasadena — Pasadena, CA (1 snippets)
[21:22:08] Batch 12: scanned=50 touchless=3 ai_rejected=0 remaining=0 (78s)
[21:22:08]   ✓ TOUCHLESS: Valero — San Ramon, CA (3 snippets)
[21:22:08]   ✓ TOUCHLESS: Mobil — Winter Garden, FL (1 snippets)
[21:22:08]   ✓ TOUCHLESS: Harley's Arrowhead Conoco — Minot, ND (1 snippets)
[21:23:27] Batch 13: scanned=50 touchless=4 ai_rejected=2 remaining=0 (77s)
[21:23:27]   ✗ REJECTED:  Shell — Valencia, CA
[21:23:27]   ✗ REJECTED:  Shell — Pittsburgh, PA
[21:23:27]   ✓ TOUCHLESS: Rusiniak's Service Inc — Buffalo, NY (3 snippets)
[21:23:27]   ✓ TOUCHLESS: Mobil — East Greenbush, NY (1 snippets)
[21:23:27]   ✓ TOUCHLESS: Kwik Trip — Fort Atkinson, WI (1 snippets)
[21:23:27]   ✓ TOUCHLESS: Circle K — Morrisville, NC (1 snippets)
[21:23:56] Batch 14: scanned=50 touchless=1 ai_rejected=0 remaining=0 (26s)
[21:23:56]   ✓ TOUCHLESS: Speedway — Willow Springs, IL (2 snippets)
[21:25:14] Batch 15: scanned=50 touchless=4 ai_rejected=0 remaining=0 (75s)
[21:25:14]   ✓ TOUCHLESS: Mobil — Laguna Niguel, CA (1 snippets)
[21:25:14]   ✓ TOUCHLESS: KWIK TRIP #1169 — North St Paul, MN (1 snippets)
[21:25:14]   ✓ TOUCHLESS: 76 — Elk Grove, CA (2 snippets)
[21:25:14]   ✓ TOUCHLESS: Circle K — Surprise, AZ (3 snippets)
[21:26:06] Batch 16: scanned=50 touchless=0 ai_rejected=2 remaining=0 (48s)
[21:26:06]   ✗ REJECTED:  Holiday Gas Station — Maplewood, MN
[21:26:06]   ✗ REJECTED:  Valero — Fremont, CA
[21:27:22] Batch 17: scanned=50 touchless=3 ai_rejected=0 remaining=0 (73s)
[21:27:22]   ✓ TOUCHLESS: Phillips 66 — Olathe, KS (1 snippets)
[21:27:22]   ✓ TOUCHLESS: Shell — Evanston, IL (1 snippets)
[21:27:22]   ✓ TOUCHLESS: Sheetz — Perry, OH (1 snippets)
[21:28:37] Batch 18: scanned=50 touchless=1 ai_rejected=2 remaining=0 (73s)
[21:28:37]   ✗ REJECTED:  Shell — Laguna Hills, CA
[21:28:37]   ✓ TOUCHLESS: Mobil — Danbury, CT (1 snippets)
[21:28:37]   ✗ REJECTED:  Mobil — Westmont, IL
[21:29:33] Batch 19: scanned=50 touchless=1 ai_rejected=1 remaining=0 (52s)
[21:29:33]   ✗ REJECTED:  Shell — North Bay Village, FL
[21:29:33]   ✓ TOUCHLESS: bp — Bloomington, MN (1 snippets)
[21:31:06] Batch 20: scanned=50 touchless=4 ai_rejected=1 remaining=0 (90s)
[21:31:06]   ✓ TOUCHLESS: Shell — City of Industry, CA (1 snippets)
[21:31:06]   ✓ TOUCHLESS: Mobil — Milford, CT (4 snippets)
[21:31:06]   ! ERROR:     Exxon — Burlington, NC
[21:31:06]   ✓ TOUCHLESS: Chevron — Mountain View, CA (14 snippets)
[21:31:06]   ✗ REJECTED:  GATE Gas Station — Jacksonville, FL
[21:31:06]   ✓ TOUCHLESS: Shell — White Lake, MI (5 snippets)
[21:31:06]   --- Progress: 1000 scanned, 70 touchless found, 18 errors | 25m elapsed | 0.7/s ---
[21:32:35] Batch 21: scanned=50 touchless=3 ai_rejected=1 remaining=0 (86s)
[21:32:35]   ✓ TOUCHLESS: Mobil — Gilbert, AZ (2 snippets)
[21:32:35]   ✓ TOUCHLESS: Shell — Lansing, MI (1 snippets)
[21:32:35]   ✓ TOUCHLESS: Shell — Sugar Grove, IL (1 snippets)
[21:32:35]   ✗ REJECTED:  76 — Carlsbad, CA
[21:33:36] Batch 22: scanned=50 touchless=7 ai_rejected=0 remaining=0 (58s)
[21:33:36]   ✓ TOUCHLESS: Exxon — El Cerrito, CA (2 snippets)
[21:33:36]   ✓ TOUCHLESS: Mobil — Oxnard, CA (1 snippets)
[21:33:36]   ✓ TOUCHLESS: Shell — Wood Dale, IL (1 snippets)
[21:33:36]   ✓ TOUCHLESS: Shell — Caledonia, MI (1 snippets)
[21:33:36]   ✓ TOUCHLESS: bp — Northbrook, IL (2 snippets)
[21:33:36]   ✓ TOUCHLESS: Chevron — Pine Grove, CA (1 snippets)
[21:33:36]   ✓ TOUCHLESS: Sugarcreek Auto Bath — Bellbrook, OH (3 snippets)
[21:34:56] Batch 23: scanned=50 touchless=2 ai_rejected=3 remaining=0 (77s)
[21:34:56]   ✓ TOUCHLESS: Shell — San Dimas, CA (1 snippets)
[21:34:56]   ✗ REJECTED:  Shell — Glade Spring, VA
[21:34:56]   ✗ REJECTED:  Chevron — Valencia, CA
[21:34:56]   ✗ REJECTED:  Freshies Carwash Broadway — Bangor, ME
[21:34:56]   ✓ TOUCHLESS: Chevron Station Sunnyvale — Sunnyvale, CA (3 snippets)
[21:35:27] Batch 24: scanned=50 touchless=5 ai_rejected=2 remaining=0 (28s)
[21:35:27]   ✓ TOUCHLESS: Shell — Costa Mesa, CA (1 snippets)
[21:35:27]   ✗ REJECTED:  Shell — Novato, CA
[21:35:27]   ✓ TOUCHLESS: Shell — Aurora, CO (2 snippets)
[21:35:27]   ✓ TOUCHLESS: Chevron — Pasadena, CA (3 snippets)
[21:35:27]   ✓ TOUCHLESS: Kwik Trip — Lake Elmo, MN (1 snippets)
[21:35:27]   ✓ TOUCHLESS: Shell — Ypsilanti, MI (1 snippets)
[21:35:27]   ✗ REJECTED:  Shell — Fultondale, AL
[21:36:59] Batch 25: scanned=50 touchless=6 ai_rejected=1 remaining=0 (90s)
[21:36:59]   ! ERROR:     Exxon — Perkasie, PA
[21:36:59]   ✗ REJECTED:  Circle K — Manlius, NY
[21:36:59]   ✓ TOUCHLESS: Speedway — Hopkins, MN (1 snippets)
[21:36:59]   ✓ TOUCHLESS: Shell — Estero, FL (1 snippets)
[21:36:59]   ✓ TOUCHLESS: Exxon — White Plains, NY (1 snippets)
[21:36:59]   ✓ TOUCHLESS: Shell — Porterville, CA (1 snippets)
[21:36:59]   ! ERROR:     CARMEX auto sales llc — Athens, GA
[21:36:59]   ✓ TOUCHLESS: Mobil — Nashua, NH (1 snippets)
[21:36:59]   ✓ TOUCHLESS: Super Wash — Greenfield, OH (1 snippets)
[21:36:59]   ! ERROR:     The PRIDE of St Charles — St. Charles, IL
[21:38:32] Batch 26: scanned=50 touchless=5 ai_rejected=1 remaining=0 (90s)
[21:38:32]   ✓ TOUCHLESS: Speedway — Pompano Beach, FL (1 snippets)
[21:38:32]   ✗ REJECTED:  Sheetz — Conneaut Lake, PA
[21:38:32]   ✓ TOUCHLESS: Circle K — Lancaster, CA (1 snippets)
[21:38:32]   ✓ TOUCHLESS: Bauer Village Center Marathon — Orchard Park, NY (1 snippets)
[21:38:32]   ✓ TOUCHLESS: Shell — Anaheim, CA (1 snippets)
[21:38:32]   ✓ TOUCHLESS: Shell — Kentwood, MI (1 snippets)
[21:38:32]   ! ERROR:     Shell — Flushing, NY
[21:40:01] Batch 27: scanned=50 touchless=2 ai_rejected=1 remaining=0 (86s)
[21:40:01]   ✗ REJECTED:  Shell — Palatine, IL
[21:40:01]   ! ERROR:     Sheetz — East Freedom, PA
[21:40:01]   ! ERROR:     Mobil — Miramar, FL
[21:40:01]   ! ERROR:     bp — Columbus, OH
[21:40:01]   ✓ TOUCHLESS: Chevron Plantation — Plantation, FL (1 snippets)
[21:40:01]   ! ERROR:     Shell — Los Alamitos, CA
[21:40:01]   ! ERROR:     Shell — Cordele, GA
[21:40:01]   ! ERROR:     bp — Whippany, NJ
[21:40:01]   ! ERROR:     Shell — Capitola, CA
[21:40:01]   ! ERROR:     Valero — Hoboken, NJ
[21:40:01]   ! ERROR:     Exxon — Wayne, NJ
[21:40:01]   ! ERROR:     Exxon — Elizabeth, PA
[21:40:01]   ! ERROR:     bp — Omaha, NE
[21:40:01]   ! ERROR:     Shell — Kalamazoo, MI
[21:40:01]   ! ERROR:     Shell — Wadsworth, IL
[21:40:01]   ! ERROR:     Sheetz — Littlestown, PA
[21:40:01]   ! ERROR:     Shell — St Johns, FL
[21:40:01]   ✓ TOUCHLESS: bp — Little Canada, MN (1 snippets)
[21:40:01]   ! ERROR:     Mobil — Walnut, CA
[21:40:01]   ! ERROR:     Exxon — Marysville, PA
[21:40:01]   ! ERROR:     Sunoco — Jackson Heights, NY
[21:40:01]   ! ERROR:     Sunoco — Portsmouth, NH
[21:41:13] Batch 28: scanned=50 touchless=1 ai_rejected=1 remaining=0 (69s)
[21:41:13]   ✓ TOUCHLESS: Kwik Trip — Osceola, WI (1 snippets)
[21:41:13]   ✗ REJECTED:  Chevron ExtraMileRedwood City — Redwood City, CA
[21:42:33] Batch 29: scanned=50 touchless=4 ai_rejected=0 remaining=0 (76s)
[21:42:33]   ✓ TOUCHLESS: Shell — Denver, CO (1 snippets)
[21:42:33]   ✓ TOUCHLESS: Kwik Trip — Green Bay, WI (1 snippets)
[21:42:33]   ✓ TOUCHLESS: Chevron — Grover Beach, CA (3 snippets)
[21:42:33]   ✓ TOUCHLESS: Enck's Sunoco Service — Loysville, PA (1 snippets)
[21:43:03] Batch 30: scanned=50 touchless=1 ai_rejected=1 remaining=0 (27s)
[21:43:03]   ✓ TOUCHLESS: Sheetz — Franklin, PA (1 snippets)
[21:43:03]   ✗ REJECTED:  Shell — Elgin, IL
[21:43:03]   --- Progress: 1500 scanned, 106 touchless found, 41 errors | 37m elapsed | 0.7/s ---
[21:43:33] Batch 31: scanned=50 touchless=3 ai_rejected=1 remaining=0 (28s)
[21:43:33]   ✓ TOUCHLESS: Foothill Ranch Auto Spa — Lake Forest, CA (4 snippets)
[21:43:33]   ✓ TOUCHLESS: Pit Stop Express — Pittsburgh, PA (1 snippets)
[21:43:33]   ✓ TOUCHLESS: Sunoco — Falls Church, VA (1 snippets)
[21:43:33]   ✗ REJECTED:  Shell — West Haven, CT
[21:44:09] Batch 32: scanned=50 touchless=7 ai_rejected=2 remaining=0 (33s)
[21:44:09]   ✓ TOUCHLESS: Shell — Lake Odessa, MI (1 snippets)
[21:44:09]   ✓ TOUCHLESS: Shell — Fairfax, VA (1 snippets)
[21:44:09]   ✓ TOUCHLESS: bp — South Haven, MI (4 snippets)
[21:44:09]   ✓ TOUCHLESS: Shell — Whitehall, MI (1 snippets)
[21:44:09]   ✗ REJECTED:  Chevron⛽ — Burbank, CA
[21:44:09]   ✗ REJECTED:  Shell — Morgan Hill, CA
[21:44:09]   ✓ TOUCHLESS: LAX Gas — Los Angeles, CA (1 snippets)
[21:44:09]   ✓ TOUCHLESS: bp — Oak Forest, IL (1 snippets)
[21:44:09]   ✓ TOUCHLESS: bp — Jackson, MI (1 snippets)
[21:45:23] Batch 33: scanned=50 touchless=5 ai_rejected=0 remaining=0 (70s)
[21:45:23]   ✓ TOUCHLESS: Chevron Oceanside — Oceanside, CA (1 snippets)
[21:45:23]   ✓ TOUCHLESS: Marathon Gas — East Lansing, MI (1 snippets)
[21:45:23]   ✓ TOUCHLESS: Maple Leaf Market — Chittenango, NY (1 snippets)
[21:45:23]   ✓ TOUCHLESS: Kwik Trip #575 — St Joseph, MN (1 snippets)
[21:45:23]   ✓ TOUCHLESS: bp — Minneapolis, MN (1 snippets)
[21:46:39] Batch 34: scanned=50 touchless=3 ai_rejected=0 remaining=0 (73s)
[21:46:39]   ✓ TOUCHLESS: bp — Westmont, IL (1 snippets)
[21:46:39]   ✓ TOUCHLESS: Shell — Phoenix, AZ (1 snippets)
[21:46:39]   ✓ TOUCHLESS: Holiday Stationstores — New Brighton, MN (1 snippets)
[21:47:49] Batch 35: scanned=50 touchless=1 ai_rejected=0 remaining=0 (67s)
[21:47:49]   ✓ TOUCHLESS: Shell — Lumberton, NC (2 snippets)
[21:49:04] Batch 36: scanned=50 touchless=3 ai_rejected=1 remaining=0 (72s)
[21:49:04]   ✗ REJECTED:  Shell — Cupertino, CA
[21:49:04]   ✓ TOUCHLESS: Shell — Portland, MI (2 snippets)
[21:49:04]   ✓ TOUCHLESS: Shell — Charlotte, NC (1 snippets)
[21:49:04]   ✓ TOUCHLESS: 76 — San Rafael, CA (2 snippets)
[21:49:41] Batch 37: scanned=50 touchless=1 ai_rejected=0 remaining=0 (33s)
[21:49:41]   ✓ TOUCHLESS: Chevron ExtraMileNewbury Park — Newbury Park, CA (2 snippets)
[21:51:00] Batch 38: scanned=50 touchless=2 ai_rejected=2 remaining=0 (77s)
[21:51:00]   ✓ TOUCHLESS: Amoco — Pelham, NY (3 snippets)
[21:51:00]   ✗ REJECTED:  Shell — Painesville, OH
[21:51:00]   ✗ REJECTED:  Shell — Edgartown, MA
[21:51:00]   ✓ TOUCHLESS: Speedway — Dryden, NY (1 snippets)
[21:52:10] Batch 39: scanned=50 touchless=4 ai_rejected=1 remaining=0 (67s)
[21:52:10]   ✗ REJECTED:  Turnpike Shell and The Point Market — Goleta, CA
[21:52:10]   ✓ TOUCHLESS: Chevron — West Hills, CA (2 snippets)
[21:52:10]   ✓ TOUCHLESS: North Broadway Gulf — White Plains, NY (2 snippets)
[21:52:10]   ✓ TOUCHLESS: bp — Spring Park, MN (1 snippets)
[21:52:10]   ✓ TOUCHLESS: Shell — La Mesa, CA (2 snippets)
[21:52:57] Batch 40: scanned=50 touchless=2 ai_rejected=0 remaining=0 (44s)
[21:52:57]   ✓ TOUCHLESS: Chevron San Marcos — San Marcos, CA (1 snippets)
[21:52:57]   ✓ TOUCHLESS: Chevron — San Mateo, CA (1 snippets)
[21:52:57]   --- Progress: 2000 scanned, 137 touchless found, 41 errors | 47m elapsed | 0.7/s ---
[21:54:07] Batch 41: scanned=50 touchless=1 ai_rejected=1 remaining=0 (67s)
[21:54:07]   ✓ TOUCHLESS: Shell — Metairie, LA (1 snippets)
[21:54:07]   ✗ REJECTED:  Family Express — Hebron, IN
[21:54:31] Batch 42: scanned=50 touchless=1 ai_rejected=0 remaining=0 (21s)
[21:54:31]   ✓ TOUCHLESS: Shell — Calabasas, CA (1 snippets)
[21:55:41] Batch 43: scanned=50 touchless=2 ai_rejected=1 remaining=0 (66s)
[21:55:41]   ✗ REJECTED:  Chevron — Eastvale, CA
[21:55:41]   ✓ TOUCHLESS: Kwik Trip — Elko New Market, MN (1 snippets)
[21:55:41]   ✓ TOUCHLESS: Continental Plaza Inc — Wauseon, OH (4 snippets)
[21:56:55] Batch 44: scanned=50 touchless=4 ai_rejected=1 remaining=0 (71s)
[21:56:55]   ✓ TOUCHLESS: Texaco — Walnut Creek, CA (2 snippets)
[21:56:55]   ✓ TOUCHLESS: Shell — Bangor, ME (1 snippets)
[21:56:55]   ✗ REJECTED:  Shell — Jacksonville, IL
[21:56:55]   ✓ TOUCHLESS: Chevron — Portland, OR (1 snippets)
[21:56:55]   ✓ TOUCHLESS: Chevron — Half Moon Bay, CA (1 snippets)
[21:57:23] Batch 45: scanned=50 touchless=4 ai_rejected=1 remaining=0 (25s)
[21:57:23]   ✓ TOUCHLESS: Chevron — Rancho Cucamonga, CA (2 snippets)
[21:57:23]   ✗ REJECTED:  Shell — Simi Valley, CA
[21:57:23]   ✓ TOUCHLESS: bp — Brookfield, WI (1 snippets)
[21:57:23]   ✓ TOUCHLESS: Sunoco — Easton, PA (1 snippets)
[21:57:23]   ✓ TOUCHLESS: Chevron — Elk Grove, CA (1 snippets)
[21:58:40] Batch 46: scanned=50 touchless=4 ai_rejected=0 remaining=0 (74s)
[21:58:40]   ✓ TOUCHLESS: Chevron — Sacramento, CA (1 snippets)
[21:58:40]   ✓ TOUCHLESS: Chevron — Carson City, NV (1 snippets)
[21:58:40]   ✓ TOUCHLESS: Monrovia Chevron — Monrovia, CA (1 snippets)
[21:58:40]   ✓ TOUCHLESS: Chevron — Temecula, CA (2 snippets)
[22:00:10] Batch 47: scanned=50 touchless=3 ai_rejected=0 remaining=0 (86s)
[22:00:10]   ✓ TOUCHLESS: Shell — Prairie Village, KS (1 snippets)
[22:00:10]   ! ERROR:     Amoco — Cary, NC
[22:00:10]   ✓ TOUCHLESS: Sunoco — Silver Spring, MD (2 snippets)
[22:00:10]   ✓ TOUCHLESS: Sunoco — Media, PA (5 snippets)
[22:01:14] Batch 48: scanned=50 touchless=3 ai_rejected=0 remaining=0 (62s)
[22:01:14]   ✓ TOUCHLESS: Terrible's — Las Vegas, NV (1 snippets)
[22:01:14]   ✓ TOUCHLESS: bp — Monee, IL (1 snippets)
[22:01:14]   ✓ TOUCHLESS: Ken's Party Store and Car Wash — Prescott, MI (1 snippets)
[22:02:25] Batch 49: scanned=50 touchless=2 ai_rejected=0 remaining=0 (68s)
[22:02:25]   ✓ TOUCHLESS: Chubb's — St Helens, OR (1 snippets)
[22:02:25]   ✓ TOUCHLESS: Sunoco — Honesdale, PA (1 snippets)
[22:03:34] Batch 50: scanned=50 touchless=0 ai_rejected=0 remaining=0 (65s)
[22:03:34]   --- Progress: 2500 scanned, 161 touchless found, 42 errors | 58m elapsed | 0.7/s ---
[22:04:43] Batch 51: scanned=50 touchless=1 ai_rejected=0 remaining=0 (66s)
[22:04:43]   ✓ TOUCHLESS: Chevron — Winters, CA (2 snippets)
[22:05:49] Batch 52: scanned=50 touchless=1 ai_rejected=1 remaining=0 (63s)
[22:05:49]   ✗ REJECTED:  Johnny's Markets — Wayland, MI
[22:05:49]   ✓ TOUCHLESS: Sunoco — Wilmington, DE (1 snippets)
[22:06:12] Batch 53: scanned=50 touchless=3 ai_rejected=0 remaining=0 (20s)
[22:06:12]   ✓ TOUCHLESS: Chevron — Simi Valley, CA (1 snippets)
[22:06:12]   ✓ TOUCHLESS: bp — Gladstone, MI (1 snippets)
[22:06:12]   ✓ TOUCHLESS: Quicklee's Geneseo — Geneseo, NY (1 snippets)
[22:07:29] Batch 54: scanned=50 touchless=0 ai_rejected=0 remaining=0 (74s)
[22:07:48] Batch 55: scanned=50 touchless=0 ai_rejected=0 remaining=0 (16s)
[22:08:10] Batch 56: scanned=50 touchless=0 ai_rejected=0 remaining=0 (20s)
[22:08:26] Batch 57: scanned=50 touchless=0 ai_rejected=0 remaining=0 (13s)
[22:08:43] Batch 58: scanned=50 touchless=2 ai_rejected=0 remaining=0 (14s)
[22:08:43]   ✓ TOUCHLESS: Johnny's Markets — Kentwood, MI (2 snippets)
[22:08:43]   ✓ TOUCHLESS: AB PETROLEUM — Denver, CO (1 snippets)
[22:08:59] Batch 59: scanned=50 touchless=1 ai_rejected=0 remaining=0 (13s)
[22:08:59]   ✓ TOUCHLESS: Family Express — Nappanee, IN (1 snippets)
[22:10:17] Batch 60: scanned=50 touchless=1 ai_rejected=0 remaining=0 (75s)
[22:10:17]   ✓ TOUCHLESS: Sunoco — New Milford, CT (1 snippets)
[22:10:17]   --- Progress: 3000 scanned, 170 touchless found, 42 errors | 65m elapsed | 0.8/s ---
[22:10:37] Batch 61: scanned=50 touchless=0 ai_rejected=1 remaining=0 (17s)
[22:10:37]   ✗ REJECTED:  Five Star Food Mart — Jamaica, NY
[22:11:43] Batch 62: scanned=50 touchless=0 ai_rejected=0 remaining=0 (63s)
[22:12:06] Batch 63: scanned=50 touchless=0 ai_rejected=0 remaining=0 (20s)
[22:12:29] Batch 64: scanned=50 touchless=0 ai_rejected=0 remaining=0 (20s)
[22:13:34] Batch 65: scanned=50 touchless=0 ai_rejected=0 remaining=0 (62s)
[22:13:53] Batch 66: scanned=50 touchless=0 ai_rejected=0 remaining=0 (16s)
[22:14:17] Batch 67: scanned=50 touchless=1 ai_rejected=0 remaining=0 (21s)
[22:14:17]   ✓ TOUCHLESS: Shell — McLean, VA (9 snippets)
[22:15:40] Batch 68: scanned=50 touchless=4 ai_rejected=1 remaining=0 (80s)
[22:15:40]   ✓ TOUCHLESS: Shell — Northlake, TX (1 snippets)
[22:15:40]   ✓ TOUCHLESS: Shell — Pacific, WA (1 snippets)
[22:15:40]   ✓ TOUCHLESS: Wash Me of Sandy — Sandy, UT (20 snippets)
[22:15:40]   ✗ REJECTED:  Flash Wash — Vancouver, WA
[22:15:40]   ✓ TOUCHLESS: Shell — Bellingham, WA (3 snippets)
[22:16:58] Batch 69: scanned=50 touchless=3 ai_rejected=1 remaining=0 (75s)
[22:16:58]   ✓ TOUCHLESS: Shell — Shavano Park, TX (1 snippets)
[22:16:58]   ✓ TOUCHLESS: Shell — Bothell, WA (1 snippets)
[22:16:58]   ✗ REJECTED:  Costco Gas Station — Katy, TX
[22:16:58]   ✓ TOUCHLESS: Blue Beacon Truck Wash of Milwaukee, WI — Franksville, WI (1 snippets)
[22:17:46] Batch 70: scanned=50 touchless=7 ai_rejected=3 remaining=0 (45s)
[22:17:46]   ✓ TOUCHLESS: Xtreme Clean Auto Spa — Gainesville, GA (8 snippets)
[22:17:46]   ✓ TOUCHLESS: Tidewater Auto Wash — Warsaw, VA (1 snippets)
[22:17:46]   ✓ TOUCHLESS: Town Pump — Missoula, MT (2 snippets)
[22:17:46]   ✓ TOUCHLESS: Adele's Express Auto Wash — Clarkston, WA (3 snippets)
[22:17:46]   ✓ TOUCHLESS: WetJet Laser Wash — Keyser, WV (1 snippets)
[22:17:46]   ✗ REJECTED:  Touchless Laser Wash — Dayton, TX
[22:17:46]   ✗ REJECTED:  Sheetz — Camp Hill, PA
[22:17:46]   ✓ TOUCHLESS: Rub-A-Dub Touchless Auto Bath — Montpelier, VT (1 snippets)
[22:17:46]   ✗ REJECTED:  Valero — Mountain View, CA
[22:17:46]   ✓ TOUCHLESS: All Clean Auto Spa — Rapid City, SD (1 snippets)
[22:17:46]   --- Progress: 3500 scanned, 185 touchless found, 42 errors | 72m elapsed | 0.8/s ---
[22:18:31] Batch 71: scanned=50 touchless=5 ai_rejected=1 remaining=0 (42s)
[22:18:31]   ✓ TOUCHLESS: Bridger Bubbles Car & Dog Wash — Bozeman, MT (4 snippets)
[22:18:31]   ✗ REJECTED:  Power Wash USA- Floyd — Sioux City, IA
[22:18:31]   ✓ TOUCHLESS: D M's Laser Wash — Pulaski, VA (1 snippets)
[22:18:31]   ✓ TOUCHLESS: Touchless Automatic — Cabot, AR (1 snippets)
[22:18:31]   ✓ TOUCHLESS: Shell — Tiffin, OH (1 snippets)
[22:18:31]   ✓ TOUCHLESS: Super Wash — Glasgow, KY (1 snippets)
[22:19:24] Batch 72: scanned=50 touchless=3 ai_rejected=0 remaining=0 (50s)
[22:19:24]   ✓ TOUCHLESS: Just Wash It Car & Pet Wash — North Salt Lake, UT (19 snippets)
[22:19:24]   ✓ TOUCHLESS: Pacific Express Wash — Long Beach, CA (1 snippets)
[22:19:24]   ✓ TOUCHLESS: Chevron — Auburn, WA (4 snippets)
[22:20:40] Batch 73: scanned=50 touchless=3 ai_rejected=0 remaining=0 (73s)
[22:20:40]   ✓ TOUCHLESS: Laurel Pacific Gas (Valero) — San Diego, CA (2 snippets)
[22:20:40]   ✓ TOUCHLESS: Sheetz — Winston-Salem, NC (1 snippets)
[22:20:40]   ✓ TOUCHLESS: Chevron Station Salt Lake City — Salt Lake City, UT (1 snippets)
[22:22:03] Batch 74: scanned=50 touchless=0 ai_rejected=1 remaining=0 (80s)
[22:22:03]   ✗ REJECTED:  Exxon — Glen Allen, VA
[22:23:24] Batch 75: scanned=50 touchless=3 ai_rejected=0 remaining=0 (79s)
[22:23:24]   ✓ TOUCHLESS: Whalom Wash — Lunenburg, MA (12 snippets)
[22:23:24]   ✓ TOUCHLESS: Kings of Pressure Auto Spa — Southbridge, MA (3 snippets)
[22:23:24]   ✓ TOUCHLESS: bp — Edina, MN (1 snippets)
[22:24:42] Batch 76: scanned=50 touchless=0 ai_rejected=1 remaining=0 (75s)
[22:24:42]   ✗ REJECTED:  Wiggy Wash — Saratoga Springs, UT
[22:25:54] Batch 77: scanned=50 touchless=2 ai_rejected=0 remaining=0 (69s)
[22:25:54]   ✓ TOUCHLESS: The Automatic Touchless — Millcreek, UT (2 snippets)
[22:25:54]   ✓ TOUCHLESS: Woodlands Shell Auto Care Center — The Woodlands, TX (1 snippets)
[22:27:11] Batch 78: scanned=50 touchless=3 ai_rejected=1 remaining=0 (74s)
[22:27:11]   ✓ TOUCHLESS: Super Clean Auto & RV Wash & Pet Wash — Salina, UT (9 snippets)
[22:27:11]   ✓ TOUCHLESS: Shammy Shack — Tooele, UT (1 snippets)
[22:27:11]   ✓ TOUCHLESS: Super Wash — Bellefontaine, OH (1 snippets)
[22:27:11]   ✗ REJECTED:  Water Works Express — New Braunfels, TX
[22:28:23] Batch 79: scanned=50 touchless=4 ai_rejected=0 remaining=0 (69s)
[22:28:23]   ✓ TOUCHLESS: Kwik Trip — Rockford, MN (1 snippets)
[22:28:23]   ✓ TOUCHLESS: Ducky's Car & Bike Wash — Harvard, IL (2 snippets)
[22:28:23]   ✓ TOUCHLESS: The Diamond Auto Spa — Denver, IA (1 snippets)
[22:28:23]   ✓ TOUCHLESS: Exxon — Reston, VA (1 snippets)
[22:29:15] Batch 80: scanned=50 touchless=0 ai_rejected=0 remaining=0 (49s)
[22:29:15]   --- Progress: 4000 scanned, 208 touchless found, 42 errors | 84m elapsed | 0.8/s ---
[22:30:26] Batch 81: scanned=50 touchless=2 ai_rejected=0 remaining=0 (68s)
[22:30:26]   ✓ TOUCHLESS: Chevron — Grapevine, TX (1 snippets)
[22:30:26]   ✓ TOUCHLESS: Wash Me! Express — Mountain Grove, MO (2 snippets)
[22:31:07] Batch 82: scanned=50 touchless=3 ai_rejected=1 remaining=0 (38s)
[22:31:07]   ✓ TOUCHLESS: Chevron — Fontana, CA (1 snippets)
[22:31:07]   ✓ TOUCHLESS: Chevron — Davie, FL (2 snippets)
[22:31:07]   ✗ REJECTED:  Chevron Deerfield Beach — Deerfield Beach, FL
[22:31:07]   ✓ TOUCHLESS: Chevron — American Canyon, CA (1 snippets)
[22:32:35] Batch 83: scanned=50 touchless=2 ai_rejected=0 remaining=0 (85s)
[22:32:35]   ✓ TOUCHLESS: Phillips 66 — Buena Vista, CO (1 snippets)
[22:32:35]   ✓ TOUCHLESS: Kwik Trip — Plymouth, MN (1 snippets)
[22:33:04] Batch 84: scanned=50 touchless=0 ai_rejected=2 remaining=0 (26s)
[22:33:04]   ✗ REJECTED:  Chevron — El Monte, CA
[22:33:04]   ✗ REJECTED:  Xtreme Clean Auto Spa 2 — Gainesville, GA
[22:33:56] Batch 85: scanned=50 touchless=2 ai_rejected=1 remaining=0 (49s)
[22:33:56]   ✓ TOUCHLESS: bp — Plymouth, MN (1 snippets)
[22:33:56]   ✓ TOUCHLESS: Gorilla Wash — Council Bluffs, IA (7 snippets)
[22:33:56]   ✗ REJECTED:  Mobil — Mesa, AZ
[22:35:17] Batch 86: scanned=50 touchless=3 ai_rejected=0 remaining=0 (78s)
[22:35:17]   ✓ TOUCHLESS: Fresh Auto Wash — South Easton, MA (1 snippets)
[22:35:17]   ✓ TOUCHLESS: Shell — Johnston, RI (1 snippets)
[22:35:17]   ✓ TOUCHLESS: Saucon Valley Auto Spa — Bethlehem, PA (11 snippets)
[22:36:08] Batch 87: scanned=50 touchless=4 ai_rejected=2 remaining=0 (48s)
[22:36:08]   ✗ REJECTED:  Magnum Auto Wash — Winston-Salem, NC
[22:36:08]   ✓ TOUCHLESS: bp — Avon, NC (1 snippets)
[22:36:08]   ✓ TOUCHLESS: Exxon — Clayton, NC (1 snippets)
[22:36:08]   ✗ REJECTED:  Exxon — Deer Park, TX
[22:36:08]   ✓ TOUCHLESS: Mobil — Branford, CT (2 snippets)
[22:36:08]   ✓ TOUCHLESS: Exxon — Conroe, TX (1 snippets)
[22:37:21] Batch 88: scanned=50 touchless=0 ai_rejected=0 remaining=0 (69s)
[22:37:53] Batch 89: scanned=50 touchless=1 ai_rejected=0 remaining=0 (30s)
[22:37:53]   ✓ TOUCHLESS: bp — Eden Prairie, MN (2 snippets)
[22:39:06] Batch 90: scanned=50 touchless=0 ai_rejected=0 remaining=0 (70s)
[22:39:06]   --- Progress: 4500 scanned, 225 touchless found, 42 errors | 93m elapsed | 0.8/s ---
[22:40:16] Batch 91: scanned=50 touchless=3 ai_rejected=0 remaining=0 (66s)
[22:40:16]   ✓ TOUCHLESS: Chevron — Antioch, CA (2 snippets)
[22:40:16]   ✓ TOUCHLESS: 8260 Sancus Llc — Worthington, OH (3 snippets)
[22:40:16]   ✓ TOUCHLESS: Chevron — Milpitas, CA (5 snippets)
[22:41:32] Batch 92: scanned=50 touchless=1 ai_rejected=0 remaining=0 (73s)
[22:41:32]   ✓ TOUCHLESS: Shell — Oak View, CA (1 snippets)
[22:42:47] Batch 93: scanned=50 touchless=2 ai_rejected=1 remaining=0 (73s)
[22:42:47]   ✓ TOUCHLESS: Rich's Wash Dat - Gentilly — New Orleans, LA (1 snippets)
[22:42:47]   ✗ REJECTED:  Wiggy Wash — West Jordan, UT
[22:42:47]   ✓ TOUCHLESS: Chanute Auto Wash — Chanute, KS (1 snippets)
[22:44:14] Batch 94: scanned=50 touchless=5 ai_rejected=1 remaining=0 (83s)
[22:44:14]   ✓ TOUCHLESS: Grime Stoppers — Palmer, AK (8 snippets)
[22:44:14]   ✓ TOUCHLESS: Red Eye Express II Drive Thru — Newark, OH (6 snippets)
[22:44:14]   ✓ TOUCHLESS: Shell — South Salem, NY (1 snippets)
[22:44:14]   ✓ TOUCHLESS: Shell — Littleton, CO (2 snippets)
[22:44:14]   ✓ TOUCHLESS: Chevron Nampa — Nampa, ID (5 snippets)
[22:44:14]   ✗ REJECTED:  Sota Pup Self Serve Dog Wash — Maple Grove, MN
[22:45:34] Batch 95: scanned=50 touchless=2 ai_rejected=0 remaining=0 (77s)
[22:45:34]   ✓ TOUCHLESS: 76 — Bothell, WA (8 snippets)
[22:45:34]   ✓ TOUCHLESS: Shell — West Sacramento, CA (1 snippets)
[22:46:48] Batch 96: scanned=50 touchless=0 ai_rejected=1 remaining=0 (71s)
[22:46:48]   ✗ REJECTED:  Speedway — El Sobrante, CA
[22:47:22] Batch 97: scanned=50 touchless=5 ai_rejected=1 remaining=0 (31s)
[22:47:22]   ✓ TOUCHLESS: Shell — Niles, MI (4 snippets)
[22:47:22]   ✓ TOUCHLESS: Shell — Wayland, MI (1 snippets)
[22:47:22]   ✗ REJECTED:  Chevron — Redmond, WA
[22:47:22]   ✓ TOUCHLESS: bp — Creve Coeur, MO (1 snippets)
[22:47:22]   ✓ TOUCHLESS: Tarrytown Texaco — Austin, TX (2 snippets)
[22:47:22]   ✓ TOUCHLESS: Sinclair Gas Station — Duchesne, UT (1 snippets)
[22:47:53] Batch 98: scanned=50 touchless=0 ai_rejected=0 remaining=0 (28s)
[22:49:11] Batch 99: scanned=50 touchless=4 ai_rejected=0 remaining=0 (75s)
[22:49:11]   ✓ TOUCHLESS: Mobil — Solana Beach, CA (4 snippets)
[22:49:11]   ✓ TOUCHLESS: Mobil — Bridgeton, MO (1 snippets)
[22:49:11]   ✓ TOUCHLESS: Shiny Shell Self Serve — Layton, UT (24 snippets)
[22:49:11]   ✓ TOUCHLESS: The Handy Wash — Fillmore, UT (1 snippets)
[22:50:21] Batch 100: scanned=50 touchless=1 ai_rejected=1 remaining=0 (67s)
[22:50:21]   ✗ REJECTED:  WashWorks Kingsville — Kingsville, TX
[22:50:21]   ✓ TOUCHLESS: The Wash on 59 — Gillette, WY (3 snippets)
[22:50:21]   --- Progress: 5000 scanned, 248 touchless found, 42 errors | 105m elapsed | 0.8/s ---
[22:51:30] Batch 101: scanned=50 touchless=2 ai_rejected=1 remaining=0 (66s)
[22:51:30]   ✓ TOUCHLESS: bp — Aurora, IL (2 snippets)
[22:51:30]   ✓ TOUCHLESS: Easy2Wash — St Helens, OR (14 snippets)
[22:51:30]   ✗ REJECTED:  Shell — Providence, RI
[22:51:33] Batch 102: scanned=0 touchless=0 ai_rejected=0 remaining=? (1s)
[22:51:33] ============================================================
[22:51:33] COMPLETE in 106 minutes!
[22:51:33]   Total scanned:        5050
[22:51:33]   Touchless found:      250
[22:51:33]   Errors:               42
[22:51:33] ============================================================
]   Errors:               42
[22:51:33] ============================================================
